{
  "/Users/jzhang/Downloads/ECS193/pesticide-noi-project/src/components/CommunityVoices.jsx": {
    "path": "/Users/jzhang/Downloads/ECS193/pesticide-noi-project/src/components/CommunityVoices.jsx",
    "statementMap": {
      "0": {
        "start": {
          "line": 6,
          "column": 24
        },
        "end": {
          "line": 35,
          "column": 1
        }
      },
      "1": {
        "start": {
          "line": 7,
          "column": 16
        },
        "end": {
          "line": 7,
          "column": 32
        }
      },
      "2": {
        "start": {
          "line": 8,
          "column": 17
        },
        "end": {
          "line": 8,
          "column": 36
        }
      },
      "3": {
        "start": {
          "line": 9,
          "column": 17
        },
        "end": {
          "line": 9,
          "column": 36
        }
      },
      "4": {
        "start": {
          "line": 10,
          "column": 17
        },
        "end": {
          "line": 10,
          "column": 36
        }
      },
      "5": {
        "start": {
          "line": 12,
          "column": 2
        },
        "end": {
          "line": 34,
          "column": 4
        }
      }
    },
    "fnMap": {
      "0": {
        "name": "(anonymous_0)",
        "decl": {
          "start": {
            "line": 6,
            "column": 24
          },
          "end": {
            "line": 6,
            "column": 25
          }
        },
        "loc": {
          "start": {
            "line": 6,
            "column": 30
          },
          "end": {
            "line": 35,
            "column": 1
          }
        },
        "line": 6
      }
    },
    "branchMap": {},
    "s": {
      "0": 46,
      "1": 2,
      "2": 2,
      "3": 2,
      "4": 2,
      "5": 2
    },
    "f": {
      "0": 2
    },
    "b": {},
    "_coverageSchema": "1a1c01bbd47fc00a2c39e90264f33305004495a9",
    "hash": "6eb41a052554e65b3c5cdc9657a75a73ea3f8924"
  },
  "/Users/jzhang/Downloads/ECS193/pesticide-noi-project/src/components/filter/AerialGroundFilter.jsx": {
    "path": "/Users/jzhang/Downloads/ECS193/pesticide-noi-project/src/components/filter/AerialGroundFilter.jsx",
    "statementMap": {
      "0": {
        "start": {
          "line": 8,
          "column": 20
        },
        "end": {
          "line": 8,
          "column": 22
        }
      },
      "1": {
        "start": {
          "line": 9,
          "column": 25
        },
        "end": {
          "line": 9,
          "column": 26
        }
      },
      "2": {
        "start": {
          "line": 10,
          "column": 18
        },
        "end": {
          "line": 17,
          "column": 1
        }
      },
      "3": {
        "start": {
          "line": 19,
          "column": 14
        },
        "end": {
          "line": 23,
          "column": 1
        }
      },
      "4": {
        "start": {
          "line": 26,
          "column": 16
        },
        "end": {
          "line": 26,
          "column": 32
        }
      },
      "5": {
        "start": {
          "line": 27,
          "column": 22
        },
        "end": {
          "line": 27,
          "column": 41
        }
      },
      "6": {
        "start": {
          "line": 29,
          "column": 16
        },
        "end": {
          "line": 29,
          "column": 26
        }
      },
      "7": {
        "start": {
          "line": 30,
          "column": 52
        },
        "end": {
          "line": 30,
          "column": 93
        }
      },
      "8": {
        "start": {
          "line": 32,
          "column": 2
        },
        "end": {
          "line": 37,
          "column": 26
        }
      },
      "9": {
        "start": {
          "line": 33,
          "column": 4
        },
        "end": {
          "line": 36,
          "column": 5
        }
      },
      "10": {
        "start": {
          "line": 34,
          "column": 6
        },
        "end": {
          "line": 34,
          "column": 20
        }
      },
      "11": {
        "start": {
          "line": 35,
          "column": 6
        },
        "end": {
          "line": 35,
          "column": 27
        }
      },
      "12": {
        "start": {
          "line": 39,
          "column": 22
        },
        "end": {
          "line": 41,
          "column": 3
        }
      },
      "13": {
        "start": {
          "line": 40,
          "column": 4
        },
        "end": {
          "line": 40,
          "column": 29
        }
      },
      "14": {
        "start": {
          "line": 43,
          "column": 23
        },
        "end": {
          "line": 45,
          "column": 3
        }
      },
      "15": {
        "start": {
          "line": 44,
          "column": 4
        },
        "end": {
          "line": 44,
          "column": 45
        }
      },
      "16": {
        "start": {
          "line": 47,
          "column": 2
        },
        "end": {
          "line": 49,
          "column": 33
        }
      },
      "17": {
        "start": {
          "line": 48,
          "column": 4
        },
        "end": {
          "line": 48,
          "column": 34
        }
      },
      "18": {
        "start": {
          "line": 51,
          "column": 2
        },
        "end": {
          "line": 74,
          "column": 4
        }
      },
      "19": {
        "start": {
          "line": 65,
          "column": 10
        },
        "end": {
          "line": 70,
          "column": 21
        }
      }
    },
    "fnMap": {
      "0": {
        "name": "DateFilter",
        "decl": {
          "start": {
            "line": 25,
            "column": 24
          },
          "end": {
            "line": 25,
            "column": 34
          }
        },
        "loc": {
          "start": {
            "line": 25,
            "column": 42
          },
          "end": {
            "line": 75,
            "column": 1
          }
        },
        "line": 25
      },
      "1": {
        "name": "(anonymous_1)",
        "decl": {
          "start": {
            "line": 32,
            "column": 18
          },
          "end": {
            "line": 32,
            "column": 19
          }
        },
        "loc": {
          "start": {
            "line": 32,
            "column": 24
          },
          "end": {
            "line": 37,
            "column": 3
          }
        },
        "line": 32
      },
      "2": {
        "name": "(anonymous_2)",
        "decl": {
          "start": {
            "line": 39,
            "column": 22
          },
          "end": {
            "line": 39,
            "column": 23
          }
        },
        "loc": {
          "start": {
            "line": 39,
            "column": 28
          },
          "end": {
            "line": 41,
            "column": 3
          }
        },
        "line": 39
      },
      "3": {
        "name": "(anonymous_3)",
        "decl": {
          "start": {
            "line": 43,
            "column": 23
          },
          "end": {
            "line": 43,
            "column": 24
          }
        },
        "loc": {
          "start": {
            "line": 43,
            "column": 34
          },
          "end": {
            "line": 45,
            "column": 3
          }
        },
        "line": 43
      },
      "4": {
        "name": "(anonymous_4)",
        "decl": {
          "start": {
            "line": 47,
            "column": 18
          },
          "end": {
            "line": 47,
            "column": 19
          }
        },
        "loc": {
          "start": {
            "line": 47,
            "column": 24
          },
          "end": {
            "line": 49,
            "column": 3
          }
        },
        "line": 47
      },
      "5": {
        "name": "(anonymous_5)",
        "decl": {
          "start": {
            "line": 64,
            "column": 19
          },
          "end": {
            "line": 64,
            "column": 20
          }
        },
        "loc": {
          "start": {
            "line": 65,
            "column": 10
          },
          "end": {
            "line": 70,
            "column": 21
          }
        },
        "line": 65
      }
    },
    "branchMap": {
      "0": {
        "loc": {
          "start": {
            "line": 33,
            "column": 4
          },
          "end": {
            "line": 36,
            "column": 5
          }
        },
        "type": "if",
        "locations": [
          {
            "start": {
              "line": 33,
              "column": 4
            },
            "end": {
              "line": 36,
              "column": 5
            }
          },
          {
            "start": {
              "line": 33,
              "column": 4
            },
            "end": {
              "line": 36,
              "column": 5
            }
          }
        ],
        "line": 33
      }
    },
    "s": {
      "0": 46,
      "1": 46,
      "2": 46,
      "3": 46,
      "4": 99,
      "5": 99,
      "6": 99,
      "7": 99,
      "8": 99,
      "9": 34,
      "10": 1,
      "11": 1,
      "12": 99,
      "13": 1,
      "14": 99,
      "15": 8,
      "16": 99,
      "17": 99,
      "18": 99,
      "19": 297
    },
    "f": {
      "0": 99,
      "1": 34,
      "2": 1,
      "3": 8,
      "4": 99,
      "5": 297
    },
    "b": {
      "0": [
        1,
        33
      ]
    },
    "_coverageSchema": "1a1c01bbd47fc00a2c39e90264f33305004495a9",
    "hash": "89113605e9359629ae8709b1d5eb4f1e8f8c838a"
  },
  "/Users/jzhang/Downloads/ECS193/pesticide-noi-project/src/components/filter/CountyFilter.jsx": {
    "path": "/Users/jzhang/Downloads/ECS193/pesticide-noi-project/src/components/filter/CountyFilter.jsx",
    "statementMap": {
      "0": {
        "start": {
          "line": 7,
          "column": 20
        },
        "end": {
          "line": 7,
          "column": 22
        }
      },
      "1": {
        "start": {
          "line": 8,
          "column": 25
        },
        "end": {
          "line": 8,
          "column": 26
        }
      },
      "2": {
        "start": {
          "line": 9,
          "column": 18
        },
        "end": {
          "line": 16,
          "column": 1
        }
      },
      "3": {
        "start": {
          "line": 18,
          "column": 14
        },
        "end": {
          "line": 77,
          "column": 1
        }
      },
      "4": {
        "start": {
          "line": 79,
          "column": 19
        },
        "end": {
          "line": 79,
          "column": 21
        }
      },
      "5": {
        "start": {
          "line": 81,
          "column": 0
        },
        "end": {
          "line": 83,
          "column": 3
        }
      },
      "6": {
        "start": {
          "line": 82,
          "column": 2
        },
        "end": {
          "line": 82,
          "column": 37
        }
      },
      "7": {
        "start": {
          "line": 86,
          "column": 16
        },
        "end": {
          "line": 86,
          "column": 26
        }
      },
      "8": {
        "start": {
          "line": 87,
          "column": 38
        },
        "end": {
          "line": 87,
          "column": 100
        }
      },
      "9": {
        "start": {
          "line": 87,
          "column": 86
        },
        "end": {
          "line": 87,
          "column": 98
        }
      },
      "10": {
        "start": {
          "line": 88,
          "column": 40
        },
        "end": {
          "line": 88,
          "column": 75
        }
      },
      "11": {
        "start": {
          "line": 90,
          "column": 16
        },
        "end": {
          "line": 90,
          "column": 32
        }
      },
      "12": {
        "start": {
          "line": 91,
          "column": 23
        },
        "end": {
          "line": 91,
          "column": 41
        }
      },
      "13": {
        "start": {
          "line": 93,
          "column": 2
        },
        "end": {
          "line": 98,
          "column": 27
        }
      },
      "14": {
        "start": {
          "line": 94,
          "column": 4
        },
        "end": {
          "line": 97,
          "column": 5
        }
      },
      "15": {
        "start": {
          "line": 95,
          "column": 6
        },
        "end": {
          "line": 95,
          "column": 20
        }
      },
      "16": {
        "start": {
          "line": 96,
          "column": 6
        },
        "end": {
          "line": 96,
          "column": 27
        }
      },
      "17": {
        "start": {
          "line": 100,
          "column": 22
        },
        "end": {
          "line": 103,
          "column": 3
        }
      },
      "18": {
        "start": {
          "line": 101,
          "column": 4
        },
        "end": {
          "line": 101,
          "column": 22
        }
      },
      "19": {
        "start": {
          "line": 102,
          "column": 4
        },
        "end": {
          "line": 102,
          "column": 23
        }
      },
      "20": {
        "start": {
          "line": 105,
          "column": 23
        },
        "end": {
          "line": 124,
          "column": 3
        }
      },
      "21": {
        "start": {
          "line": 109,
          "column": 8
        },
        "end": {
          "line": 109,
          "column": 13
        }
      },
      "22": {
        "start": {
          "line": 111,
          "column": 24
        },
        "end": {
          "line": 111,
          "column": 26
        }
      },
      "23": {
        "start": {
          "line": 112,
          "column": 4
        },
        "end": {
          "line": 114,
          "column": 7
        }
      },
      "24": {
        "start": {
          "line": 113,
          "column": 6
        },
        "end": {
          "line": 113,
          "column": 43
        }
      },
      "25": {
        "start": {
          "line": 117,
          "column": 4
        },
        "end": {
          "line": 117,
          "column": 34
        }
      },
      "26": {
        "start": {
          "line": 120,
          "column": 4
        },
        "end": {
          "line": 122,
          "column": 6
        }
      },
      "27": {
        "start": {
          "line": 126,
          "column": 2
        },
        "end": {
          "line": 128,
          "column": 27
        }
      },
      "28": {
        "start": {
          "line": 127,
          "column": 4
        },
        "end": {
          "line": 127,
          "column": 28
        }
      },
      "29": {
        "start": {
          "line": 130,
          "column": 2
        },
        "end": {
          "line": 161,
          "column": 4
        }
      },
      "30": {
        "start": {
          "line": 142,
          "column": 12
        },
        "end": {
          "line": 144,
          "column": 13
        }
      },
      "31": {
        "start": {
          "line": 143,
          "column": 14
        },
        "end": {
          "line": 143,
          "column": 45
        }
      },
      "32": {
        "start": {
          "line": 146,
          "column": 12
        },
        "end": {
          "line": 146,
          "column": 39
        }
      },
      "33": {
        "start": {
          "line": 152,
          "column": 12
        },
        "end": {
          "line": 157,
          "column": 23
        }
      }
    },
    "fnMap": {
      "0": {
        "name": "(anonymous_0)",
        "decl": {
          "start": {
            "line": 81,
            "column": 14
          },
          "end": {
            "line": 81,
            "column": 15
          }
        },
        "loc": {
          "start": {
            "line": 81,
            "column": 37
          },
          "end": {
            "line": 83,
            "column": 1
          }
        },
        "line": 81
      },
      "1": {
        "name": "CountyDropdown",
        "decl": {
          "start": {
            "line": 85,
            "column": 24
          },
          "end": {
            "line": 85,
            "column": 38
          }
        },
        "loc": {
          "start": {
            "line": 85,
            "column": 46
          },
          "end": {
            "line": 162,
            "column": 1
          }
        },
        "line": 85
      },
      "2": {
        "name": "(anonymous_2)",
        "decl": {
          "start": {
            "line": 87,
            "column": 77
          },
          "end": {
            "line": 87,
            "column": 78
          }
        },
        "loc": {
          "start": {
            "line": 87,
            "column": 86
          },
          "end": {
            "line": 87,
            "column": 98
          }
        },
        "line": 87
      },
      "3": {
        "name": "(anonymous_3)",
        "decl": {
          "start": {
            "line": 93,
            "column": 18
          },
          "end": {
            "line": 93,
            "column": 19
          }
        },
        "loc": {
          "start": {
            "line": 93,
            "column": 24
          },
          "end": {
            "line": 98,
            "column": 3
          }
        },
        "line": 93
      },
      "4": {
        "name": "(anonymous_4)",
        "decl": {
          "start": {
            "line": 100,
            "column": 22
          },
          "end": {
            "line": 100,
            "column": 23
          }
        },
        "loc": {
          "start": {
            "line": 100,
            "column": 28
          },
          "end": {
            "line": 103,
            "column": 3
          }
        },
        "line": 100
      },
      "5": {
        "name": "(anonymous_5)",
        "decl": {
          "start": {
            "line": 105,
            "column": 23
          },
          "end": {
            "line": 105,
            "column": 24
          }
        },
        "loc": {
          "start": {
            "line": 105,
            "column": 34
          },
          "end": {
            "line": 124,
            "column": 3
          }
        },
        "line": 105
      },
      "6": {
        "name": "(anonymous_6)",
        "decl": {
          "start": {
            "line": 112,
            "column": 18
          },
          "end": {
            "line": 112,
            "column": 19
          }
        },
        "loc": {
          "start": {
            "line": 112,
            "column": 33
          },
          "end": {
            "line": 114,
            "column": 5
          }
        },
        "line": 112
      },
      "7": {
        "name": "(anonymous_7)",
        "decl": {
          "start": {
            "line": 126,
            "column": 18
          },
          "end": {
            "line": 126,
            "column": 19
          }
        },
        "loc": {
          "start": {
            "line": 126,
            "column": 24
          },
          "end": {
            "line": 128,
            "column": 3
          }
        },
        "line": 126
      },
      "8": {
        "name": "(anonymous_8)",
        "decl": {
          "start": {
            "line": 141,
            "column": 23
          },
          "end": {
            "line": 141,
            "column": 24
          }
        },
        "loc": {
          "start": {
            "line": 141,
            "column": 37
          },
          "end": {
            "line": 147,
            "column": 11
          }
        },
        "line": 141
      },
      "9": {
        "name": "(anonymous_9)",
        "decl": {
          "start": {
            "line": 151,
            "column": 21
          },
          "end": {
            "line": 151,
            "column": 22
          }
        },
        "loc": {
          "start": {
            "line": 152,
            "column": 12
          },
          "end": {
            "line": 157,
            "column": 23
          }
        },
        "line": 152
      }
    },
    "branchMap": {
      "0": {
        "loc": {
          "start": {
            "line": 94,
            "column": 4
          },
          "end": {
            "line": 97,
            "column": 5
          }
        },
        "type": "if",
        "locations": [
          {
            "start": {
              "line": 94,
              "column": 4
            },
            "end": {
              "line": 97,
              "column": 5
            }
          },
          {
            "start": {
              "line": 94,
              "column": 4
            },
            "end": {
              "line": 97,
              "column": 5
            }
          }
        ],
        "line": 94
      },
      "1": {
        "loc": {
          "start": {
            "line": 121,
            "column": 6
          },
          "end": {
            "line": 121,
            "column": 58
          }
        },
        "type": "cond-expr",
        "locations": [
          {
            "start": {
              "line": 121,
              "column": 34
            },
            "end": {
              "line": 121,
              "column": 50
            }
          },
          {
            "start": {
              "line": 121,
              "column": 53
            },
            "end": {
              "line": 121,
              "column": 58
            }
          }
        ],
        "line": 121
      },
      "2": {
        "loc": {
          "start": {
            "line": 142,
            "column": 12
          },
          "end": {
            "line": 144,
            "column": 13
          }
        },
        "type": "if",
        "locations": [
          {
            "start": {
              "line": 142,
              "column": 12
            },
            "end": {
              "line": 144,
              "column": 13
            }
          },
          {
            "start": {
              "line": 142,
              "column": 12
            },
            "end": {
              "line": 144,
              "column": 13
            }
          }
        ],
        "line": 142
      }
    },
    "s": {
      "0": 46,
      "1": 46,
      "2": 46,
      "3": 46,
      "4": 46,
      "5": 46,
      "6": 2668,
      "7": 108,
      "8": 108,
      "9": 55,
      "10": 108,
      "11": 108,
      "12": 108,
      "13": 108,
      "14": 34,
      "15": 1,
      "16": 1,
      "17": 108,
      "18": 1,
      "19": 1,
      "20": 108,
      "21": 17,
      "22": 17,
      "23": 17,
      "24": 20,
      "25": 17,
      "26": 17,
      "27": 108,
      "28": 108,
      "29": 108,
      "30": 107,
      "31": 0,
      "32": 107,
      "33": 6264
    },
    "f": {
      "0": 2668,
      "1": 108,
      "2": 55,
      "3": 34,
      "4": 1,
      "5": 17,
      "6": 20,
      "7": 108,
      "8": 107,
      "9": 6264
    },
    "b": {
      "0": [
        1,
        33
      ],
      "1": [
        0,
        17
      ],
      "2": [
        0,
        107
      ]
    },
    "_coverageSchema": "1a1c01bbd47fc00a2c39e90264f33305004495a9",
    "hash": "340c86f8fdd87040d42214a02fd31f68fa66c378"
  },
  "/Users/jzhang/Downloads/ECS193/pesticide-noi-project/src/components/filter/DateDistanceFilter.jsx": {
    "path": "/Users/jzhang/Downloads/ECS193/pesticide-noi-project/src/components/filter/DateDistanceFilter.jsx",
    "statementMap": {
      "0": {
        "start": {
          "line": 8,
          "column": 20
        },
        "end": {
          "line": 8,
          "column": 22
        }
      },
      "1": {
        "start": {
          "line": 9,
          "column": 25
        },
        "end": {
          "line": 9,
          "column": 26
        }
      },
      "2": {
        "start": {
          "line": 10,
          "column": 18
        },
        "end": {
          "line": 17,
          "column": 1
        }
      },
      "3": {
        "start": {
          "line": 19,
          "column": 14
        },
        "end": {
          "line": 22,
          "column": 1
        }
      },
      "4": {
        "start": {
          "line": 25,
          "column": 16
        },
        "end": {
          "line": 25,
          "column": 32
        }
      },
      "5": {
        "start": {
          "line": 26,
          "column": 22
        },
        "end": {
          "line": 26,
          "column": 40
        }
      },
      "6": {
        "start": {
          "line": 28,
          "column": 52
        },
        "end": {
          "line": 28,
          "column": 86
        }
      },
      "7": {
        "start": {
          "line": 31,
          "column": 2
        },
        "end": {
          "line": 36,
          "column": 27
        }
      },
      "8": {
        "start": {
          "line": 32,
          "column": 4
        },
        "end": {
          "line": 35,
          "column": 5
        }
      },
      "9": {
        "start": {
          "line": 33,
          "column": 6
        },
        "end": {
          "line": 33,
          "column": 20
        }
      },
      "10": {
        "start": {
          "line": 34,
          "column": 6
        },
        "end": {
          "line": 34,
          "column": 27
        }
      },
      "11": {
        "start": {
          "line": 38,
          "column": 22
        },
        "end": {
          "line": 40,
          "column": 3
        }
      },
      "12": {
        "start": {
          "line": 39,
          "column": 4
        },
        "end": {
          "line": 39,
          "column": 29
        }
      },
      "13": {
        "start": {
          "line": 42,
          "column": 23
        },
        "end": {
          "line": 44,
          "column": 3
        }
      },
      "14": {
        "start": {
          "line": 43,
          "column": 4
        },
        "end": {
          "line": 43,
          "column": 45
        }
      },
      "15": {
        "start": {
          "line": 46,
          "column": 2
        },
        "end": {
          "line": 48,
          "column": 33
        }
      },
      "16": {
        "start": {
          "line": 47,
          "column": 4
        },
        "end": {
          "line": 47,
          "column": 34
        }
      },
      "17": {
        "start": {
          "line": 50,
          "column": 2
        },
        "end": {
          "line": 74,
          "column": 4
        }
      },
      "18": {
        "start": {
          "line": 64,
          "column": 10
        },
        "end": {
          "line": 70,
          "column": 21
        }
      }
    },
    "fnMap": {
      "0": {
        "name": "DateDistanceFilter",
        "decl": {
          "start": {
            "line": 24,
            "column": 24
          },
          "end": {
            "line": 24,
            "column": 42
          }
        },
        "loc": {
          "start": {
            "line": 24,
            "column": 50
          },
          "end": {
            "line": 75,
            "column": 1
          }
        },
        "line": 24
      },
      "1": {
        "name": "(anonymous_1)",
        "decl": {
          "start": {
            "line": 31,
            "column": 18
          },
          "end": {
            "line": 31,
            "column": 19
          }
        },
        "loc": {
          "start": {
            "line": 31,
            "column": 24
          },
          "end": {
            "line": 36,
            "column": 3
          }
        },
        "line": 31
      },
      "2": {
        "name": "(anonymous_2)",
        "decl": {
          "start": {
            "line": 38,
            "column": 22
          },
          "end": {
            "line": 38,
            "column": 23
          }
        },
        "loc": {
          "start": {
            "line": 38,
            "column": 28
          },
          "end": {
            "line": 40,
            "column": 3
          }
        },
        "line": 38
      },
      "3": {
        "name": "(anonymous_3)",
        "decl": {
          "start": {
            "line": 42,
            "column": 23
          },
          "end": {
            "line": 42,
            "column": 24
          }
        },
        "loc": {
          "start": {
            "line": 42,
            "column": 34
          },
          "end": {
            "line": 44,
            "column": 3
          }
        },
        "line": 42
      },
      "4": {
        "name": "(anonymous_4)",
        "decl": {
          "start": {
            "line": 46,
            "column": 18
          },
          "end": {
            "line": 46,
            "column": 19
          }
        },
        "loc": {
          "start": {
            "line": 46,
            "column": 24
          },
          "end": {
            "line": 48,
            "column": 3
          }
        },
        "line": 46
      },
      "5": {
        "name": "(anonymous_5)",
        "decl": {
          "start": {
            "line": 63,
            "column": 19
          },
          "end": {
            "line": 63,
            "column": 20
          }
        },
        "loc": {
          "start": {
            "line": 64,
            "column": 10
          },
          "end": {
            "line": 70,
            "column": 21
          }
        },
        "line": 64
      }
    },
    "branchMap": {
      "0": {
        "loc": {
          "start": {
            "line": 32,
            "column": 4
          },
          "end": {
            "line": 35,
            "column": 5
          }
        },
        "type": "if",
        "locations": [
          {
            "start": {
              "line": 32,
              "column": 4
            },
            "end": {
              "line": 35,
              "column": 5
            }
          },
          {
            "start": {
              "line": 32,
              "column": 4
            },
            "end": {
              "line": 35,
              "column": 5
            }
          }
        ],
        "line": 32
      }
    },
    "s": {
      "0": 46,
      "1": 46,
      "2": 46,
      "3": 46,
      "4": 95,
      "5": 95,
      "6": 95,
      "7": 95,
      "8": 34,
      "9": 1,
      "10": 1,
      "11": 95,
      "12": 1,
      "13": 95,
      "14": 4,
      "15": 95,
      "16": 95,
      "17": 95,
      "18": 190
    },
    "f": {
      "0": 95,
      "1": 34,
      "2": 1,
      "3": 4,
      "4": 95,
      "5": 190
    },
    "b": {
      "0": [
        1,
        33
      ]
    },
    "_coverageSchema": "1a1c01bbd47fc00a2c39e90264f33305004495a9",
    "hash": "727d050e8168f8e1d030a8853283908ff714f67b"
  },
  "/Users/jzhang/Downloads/ECS193/pesticide-noi-project/src/components/filter/DateRangeFilter.jsx": {
    "path": "/Users/jzhang/Downloads/ECS193/pesticide-noi-project/src/components/filter/DateRangeFilter.jsx",
    "statementMap": {
      "0": {
        "start": {
          "line": 9,
          "column": 16
        },
        "end": {
          "line": 9,
          "column": 32
        }
      },
      "1": {
        "start": {
          "line": 11,
          "column": 21
        },
        "end": {
          "line": 11,
          "column": 36
        }
      },
      "2": {
        "start": {
          "line": 12,
          "column": 19
        },
        "end": {
          "line": 12,
          "column": 32
        }
      },
      "3": {
        "start": {
          "line": 14,
          "column": 36
        },
        "end": {
          "line": 14,
          "column": 56
        }
      },
      "4": {
        "start": {
          "line": 15,
          "column": 32
        },
        "end": {
          "line": 15,
          "column": 52
        }
      },
      "5": {
        "start": {
          "line": 16,
          "column": 28
        },
        "end": {
          "line": 16,
          "column": 48
        }
      },
      "6": {
        "start": {
          "line": 18,
          "column": 2
        },
        "end": {
          "line": 23,
          "column": 26
        }
      },
      "7": {
        "start": {
          "line": 19,
          "column": 4
        },
        "end": {
          "line": 22,
          "column": 5
        }
      },
      "8": {
        "start": {
          "line": 20,
          "column": 6
        },
        "end": {
          "line": 20,
          "column": 20
        }
      },
      "9": {
        "start": {
          "line": 21,
          "column": 6
        },
        "end": {
          "line": 21,
          "column": 27
        }
      },
      "10": {
        "start": {
          "line": 25,
          "column": 22
        },
        "end": {
          "line": 28,
          "column": 3
        }
      },
      "11": {
        "start": {
          "line": 26,
          "column": 4
        },
        "end": {
          "line": 26,
          "column": 23
        }
      },
      "12": {
        "start": {
          "line": 27,
          "column": 4
        },
        "end": {
          "line": 27,
          "column": 21
        }
      },
      "13": {
        "start": {
          "line": 30,
          "column": 26
        },
        "end": {
          "line": 32,
          "column": 3
        }
      },
      "14": {
        "start": {
          "line": 31,
          "column": 4
        },
        "end": {
          "line": 31,
          "column": 27
        }
      },
      "15": {
        "start": {
          "line": 34,
          "column": 24
        },
        "end": {
          "line": 36,
          "column": 3
        }
      },
      "16": {
        "start": {
          "line": 35,
          "column": 4
        },
        "end": {
          "line": 35,
          "column": 25
        }
      },
      "17": {
        "start": {
          "line": 38,
          "column": 23
        },
        "end": {
          "line": 48,
          "column": 13
        }
      },
      "18": {
        "start": {
          "line": 39,
          "column": 4
        },
        "end": {
          "line": 47,
          "column": 5
        }
      },
      "19": {
        "start": {
          "line": 41,
          "column": 8
        },
        "end": {
          "line": 41,
          "column": 30
        }
      },
      "20": {
        "start": {
          "line": 45,
          "column": 8
        },
        "end": {
          "line": 45,
          "column": 18
        }
      },
      "21": {
        "start": {
          "line": 50,
          "column": 2
        },
        "end": {
          "line": 55,
          "column": 34
        }
      },
      "22": {
        "start": {
          "line": 52,
          "column": 4
        },
        "end": {
          "line": 52,
          "column": 37
        }
      },
      "23": {
        "start": {
          "line": 53,
          "column": 4
        },
        "end": {
          "line": 53,
          "column": 33
        }
      },
      "24": {
        "start": {
          "line": 57,
          "column": 2
        },
        "end": {
          "line": 86,
          "column": 4
        }
      },
      "25": {
        "start": {
          "line": 75,
          "column": 35
        },
        "end": {
          "line": 75,
          "column": 53
        }
      }
    },
    "fnMap": {
      "0": {
        "name": "DateRangeFilter",
        "decl": {
          "start": {
            "line": 8,
            "column": 24
          },
          "end": {
            "line": 8,
            "column": 39
          }
        },
        "loc": {
          "start": {
            "line": 8,
            "column": 47
          },
          "end": {
            "line": 87,
            "column": 1
          }
        },
        "line": 8
      },
      "1": {
        "name": "(anonymous_1)",
        "decl": {
          "start": {
            "line": 18,
            "column": 18
          },
          "end": {
            "line": 18,
            "column": 19
          }
        },
        "loc": {
          "start": {
            "line": 18,
            "column": 24
          },
          "end": {
            "line": 23,
            "column": 3
          }
        },
        "line": 18
      },
      "2": {
        "name": "(anonymous_2)",
        "decl": {
          "start": {
            "line": 25,
            "column": 22
          },
          "end": {
            "line": 25,
            "column": 23
          }
        },
        "loc": {
          "start": {
            "line": 25,
            "column": 28
          },
          "end": {
            "line": 28,
            "column": 3
          }
        },
        "line": 25
      },
      "3": {
        "name": "(anonymous_3)",
        "decl": {
          "start": {
            "line": 30,
            "column": 26
          },
          "end": {
            "line": 30,
            "column": 27
          }
        },
        "loc": {
          "start": {
            "line": 30,
            "column": 40
          },
          "end": {
            "line": 32,
            "column": 3
          }
        },
        "line": 30
      },
      "4": {
        "name": "(anonymous_4)",
        "decl": {
          "start": {
            "line": 34,
            "column": 24
          },
          "end": {
            "line": 34,
            "column": 25
          }
        },
        "loc": {
          "start": {
            "line": 34,
            "column": 38
          },
          "end": {
            "line": 36,
            "column": 3
          }
        },
        "line": 34
      },
      "5": {
        "name": "(anonymous_5)",
        "decl": {
          "start": {
            "line": 38,
            "column": 37
          },
          "end": {
            "line": 38,
            "column": 38
          }
        },
        "loc": {
          "start": {
            "line": 38,
            "column": 43
          },
          "end": {
            "line": 48,
            "column": 3
          }
        },
        "line": 38
      },
      "6": {
        "name": "(anonymous_6)",
        "decl": {
          "start": {
            "line": 50,
            "column": 18
          },
          "end": {
            "line": 50,
            "column": 19
          }
        },
        "loc": {
          "start": {
            "line": 50,
            "column": 24
          },
          "end": {
            "line": 55,
            "column": 3
          }
        },
        "line": 50
      },
      "7": {
        "name": "(anonymous_7)",
        "decl": {
          "start": {
            "line": 75,
            "column": 21
          },
          "end": {
            "line": 75,
            "column": 22
          }
        },
        "loc": {
          "start": {
            "line": 75,
            "column": 35
          },
          "end": {
            "line": 75,
            "column": 53
          }
        },
        "line": 75
      }
    },
    "branchMap": {
      "0": {
        "loc": {
          "start": {
            "line": 19,
            "column": 4
          },
          "end": {
            "line": 22,
            "column": 5
          }
        },
        "type": "if",
        "locations": [
          {
            "start": {
              "line": 19,
              "column": 4
            },
            "end": {
              "line": 22,
              "column": 5
            }
          },
          {
            "start": {
              "line": 19,
              "column": 4
            },
            "end": {
              "line": 22,
              "column": 5
            }
          }
        ],
        "line": 19
      },
      "1": {
        "loc": {
          "start": {
            "line": 39,
            "column": 4
          },
          "end": {
            "line": 47,
            "column": 5
          }
        },
        "type": "switch",
        "locations": [
          {
            "start": {
              "line": 40,
              "column": 6
            },
            "end": {
              "line": 42,
              "column": 7
            }
          },
          {
            "start": {
              "line": 44,
              "column": 6
            },
            "end": {
              "line": 46,
              "column": 7
            }
          }
        ],
        "line": 39
      }
    },
    "s": {
      "0": 103,
      "1": 103,
      "2": 103,
      "3": 103,
      "4": 103,
      "5": 103,
      "6": 103,
      "7": 34,
      "8": 1,
      "9": 1,
      "10": 103,
      "11": 1,
      "12": 1,
      "13": 103,
      "14": 6,
      "15": 103,
      "16": 6,
      "17": 103,
      "18": 38,
      "19": 0,
      "20": 38,
      "21": 103,
      "22": 103,
      "23": 103,
      "24": 103,
      "25": 6
    },
    "f": {
      "0": 103,
      "1": 34,
      "2": 1,
      "3": 6,
      "4": 6,
      "5": 38,
      "6": 103,
      "7": 6
    },
    "b": {
      "0": [
        1,
        33
      ],
      "1": [
        0,
        38
      ]
    },
    "_coverageSchema": "1a1c01bbd47fc00a2c39e90264f33305004495a9",
    "hash": "10b0221568ef3c85d95d3e244c3454c335f45e2b"
  },
  "/Users/jzhang/Downloads/ECS193/pesticide-noi-project/src/components/filter/FumigantFilter.jsx": {
    "path": "/Users/jzhang/Downloads/ECS193/pesticide-noi-project/src/components/filter/FumigantFilter.jsx",
    "statementMap": {
      "0": {
        "start": {
          "line": 7,
          "column": 16
        },
        "end": {
          "line": 7,
          "column": 32
        }
      },
      "1": {
        "start": {
          "line": 8,
          "column": 25
        },
        "end": {
          "line": 8,
          "column": 38
        }
      },
      "2": {
        "start": {
          "line": 10,
          "column": 32
        },
        "end": {
          "line": 10,
          "column": 69
        }
      },
      "3": {
        "start": {
          "line": 12,
          "column": 2
        },
        "end": {
          "line": 17,
          "column": 26
        }
      },
      "4": {
        "start": {
          "line": 13,
          "column": 4
        },
        "end": {
          "line": 16,
          "column": 5
        }
      },
      "5": {
        "start": {
          "line": 14,
          "column": 6
        },
        "end": {
          "line": 14,
          "column": 20
        }
      },
      "6": {
        "start": {
          "line": 15,
          "column": 6
        },
        "end": {
          "line": 15,
          "column": 27
        }
      },
      "7": {
        "start": {
          "line": 19,
          "column": 22
        },
        "end": {
          "line": 21,
          "column": 3
        }
      },
      "8": {
        "start": {
          "line": 20,
          "column": 4
        },
        "end": {
          "line": 20,
          "column": 22
        }
      },
      "9": {
        "start": {
          "line": 23,
          "column": 23
        },
        "end": {
          "line": 25,
          "column": 3
        }
      },
      "10": {
        "start": {
          "line": 24,
          "column": 4
        },
        "end": {
          "line": 24,
          "column": 37
        }
      },
      "11": {
        "start": {
          "line": 27,
          "column": 2
        },
        "end": {
          "line": 29,
          "column": 23
        }
      },
      "12": {
        "start": {
          "line": 28,
          "column": 4
        },
        "end": {
          "line": 28,
          "column": 24
        }
      },
      "13": {
        "start": {
          "line": 31,
          "column": 2
        },
        "end": {
          "line": 40,
          "column": 4
        }
      }
    },
    "fnMap": {
      "0": {
        "name": "FumigantFilter",
        "decl": {
          "start": {
            "line": 6,
            "column": 24
          },
          "end": {
            "line": 6,
            "column": 38
          }
        },
        "loc": {
          "start": {
            "line": 6,
            "column": 46
          },
          "end": {
            "line": 41,
            "column": 1
          }
        },
        "line": 6
      },
      "1": {
        "name": "(anonymous_1)",
        "decl": {
          "start": {
            "line": 12,
            "column": 18
          },
          "end": {
            "line": 12,
            "column": 19
          }
        },
        "loc": {
          "start": {
            "line": 12,
            "column": 24
          },
          "end": {
            "line": 17,
            "column": 3
          }
        },
        "line": 12
      },
      "2": {
        "name": "(anonymous_2)",
        "decl": {
          "start": {
            "line": 19,
            "column": 22
          },
          "end": {
            "line": 19,
            "column": 23
          }
        },
        "loc": {
          "start": {
            "line": 19,
            "column": 28
          },
          "end": {
            "line": 21,
            "column": 3
          }
        },
        "line": 19
      },
      "3": {
        "name": "(anonymous_3)",
        "decl": {
          "start": {
            "line": 23,
            "column": 23
          },
          "end": {
            "line": 23,
            "column": 24
          }
        },
        "loc": {
          "start": {
            "line": 23,
            "column": 34
          },
          "end": {
            "line": 25,
            "column": 3
          }
        },
        "line": 23
      },
      "4": {
        "name": "(anonymous_4)",
        "decl": {
          "start": {
            "line": 27,
            "column": 18
          },
          "end": {
            "line": 27,
            "column": 19
          }
        },
        "loc": {
          "start": {
            "line": 27,
            "column": 24
          },
          "end": {
            "line": 29,
            "column": 3
          }
        },
        "line": 27
      }
    },
    "branchMap": {
      "0": {
        "loc": {
          "start": {
            "line": 13,
            "column": 4
          },
          "end": {
            "line": 16,
            "column": 5
          }
        },
        "type": "if",
        "locations": [
          {
            "start": {
              "line": 13,
              "column": 4
            },
            "end": {
              "line": 16,
              "column": 5
            }
          },
          {
            "start": {
              "line": 13,
              "column": 4
            },
            "end": {
              "line": 16,
              "column": 5
            }
          }
        ],
        "line": 13
      }
    },
    "s": {
      "0": 94,
      "1": 94,
      "2": 94,
      "3": 94,
      "4": 34,
      "5": 1,
      "6": 1,
      "7": 94,
      "8": 1,
      "9": 94,
      "10": 3,
      "11": 94,
      "12": 94,
      "13": 94
    },
    "f": {
      "0": 94,
      "1": 34,
      "2": 1,
      "3": 3,
      "4": 94
    },
    "b": {
      "0": [
        1,
        33
      ]
    },
    "_coverageSchema": "1a1c01bbd47fc00a2c39e90264f33305004495a9",
    "hash": "b01e47c8b783e49e467ddc59c9fd703ecd30f7f0"
  },
  "/Users/jzhang/Downloads/ECS193/pesticide-noi-project/src/components/filter/RadiusFilter.jsx": {
    "path": "/Users/jzhang/Downloads/ECS193/pesticide-noi-project/src/components/filter/RadiusFilter.jsx",
    "statementMap": {
      "0": {
        "start": {
          "line": 7,
          "column": 20
        },
        "end": {
          "line": 7,
          "column": 22
        }
      },
      "1": {
        "start": {
          "line": 8,
          "column": 25
        },
        "end": {
          "line": 8,
          "column": 26
        }
      },
      "2": {
        "start": {
          "line": 9,
          "column": 18
        },
        "end": {
          "line": 16,
          "column": 1
        }
      },
      "3": {
        "start": {
          "line": 18,
          "column": 20
        },
        "end": {
          "line": 31,
          "column": 1
        }
      },
      "4": {
        "start": {
          "line": 34,
          "column": 2
        },
        "end": {
          "line": 36,
          "column": 4
        }
      },
      "5": {
        "start": {
          "line": 40,
          "column": 16
        },
        "end": {
          "line": 40,
          "column": 32
        }
      },
      "6": {
        "start": {
          "line": 41,
          "column": 23
        },
        "end": {
          "line": 41,
          "column": 38
        }
      },
      "7": {
        "start": {
          "line": 43,
          "column": 16
        },
        "end": {
          "line": 43,
          "column": 26
        }
      },
      "8": {
        "start": {
          "line": 44,
          "column": 30
        },
        "end": {
          "line": 44,
          "column": 58
        }
      },
      "9": {
        "start": {
          "line": 46,
          "column": 23
        },
        "end": {
          "line": 48,
          "column": 3
        }
      },
      "10": {
        "start": {
          "line": 47,
          "column": 4
        },
        "end": {
          "line": 47,
          "column": 34
        }
      },
      "11": {
        "start": {
          "line": 50,
          "column": 2
        },
        "end": {
          "line": 52,
          "column": 22
        }
      },
      "12": {
        "start": {
          "line": 51,
          "column": 4
        },
        "end": {
          "line": 51,
          "column": 23
        }
      },
      "13": {
        "start": {
          "line": 54,
          "column": 2
        },
        "end": {
          "line": 78,
          "column": 4
        }
      },
      "14": {
        "start": {
          "line": 68,
          "column": 10
        },
        "end": {
          "line": 74,
          "column": 21
        }
      }
    },
    "fnMap": {
      "0": {
        "name": "getStyles",
        "decl": {
          "start": {
            "line": 33,
            "column": 9
          },
          "end": {
            "line": 33,
            "column": 18
          }
        },
        "loc": {
          "start": {
            "line": 33,
            "column": 26
          },
          "end": {
            "line": 37,
            "column": 1
          }
        },
        "line": 33
      },
      "1": {
        "name": "RadiusFilter",
        "decl": {
          "start": {
            "line": 39,
            "column": 24
          },
          "end": {
            "line": 39,
            "column": 36
          }
        },
        "loc": {
          "start": {
            "line": 39,
            "column": 44
          },
          "end": {
            "line": 79,
            "column": 1
          }
        },
        "line": 39
      },
      "2": {
        "name": "(anonymous_2)",
        "decl": {
          "start": {
            "line": 46,
            "column": 23
          },
          "end": {
            "line": 46,
            "column": 24
          }
        },
        "loc": {
          "start": {
            "line": 46,
            "column": 34
          },
          "end": {
            "line": 48,
            "column": 3
          }
        },
        "line": 46
      },
      "3": {
        "name": "(anonymous_3)",
        "decl": {
          "start": {
            "line": 50,
            "column": 18
          },
          "end": {
            "line": 50,
            "column": 19
          }
        },
        "loc": {
          "start": {
            "line": 50,
            "column": 24
          },
          "end": {
            "line": 52,
            "column": 3
          }
        },
        "line": 50
      },
      "4": {
        "name": "(anonymous_4)",
        "decl": {
          "start": {
            "line": 67,
            "column": 25
          },
          "end": {
            "line": 67,
            "column": 26
          }
        },
        "loc": {
          "start": {
            "line": 68,
            "column": 10
          },
          "end": {
            "line": 74,
            "column": 21
          }
        },
        "line": 68
      }
    },
    "branchMap": {},
    "s": {
      "0": 46,
      "1": 46,
      "2": 46,
      "3": 46,
      "4": 168,
      "5": 56,
      "6": 56,
      "7": 56,
      "8": 56,
      "9": 56,
      "10": 1,
      "11": 56,
      "12": 56,
      "13": 56,
      "14": 168
    },
    "f": {
      "0": 168,
      "1": 56,
      "2": 1,
      "3": 56,
      "4": 168
    },
    "b": {},
    "_coverageSchema": "1a1c01bbd47fc00a2c39e90264f33305004495a9",
    "hash": "1e21f44dae11233832716fe9a31d858bac5f4ab7"
  },
  "/Users/jzhang/Downloads/ECS193/pesticide-noi-project/src/components/filter/MapDistanceFilter.jsx": {
    "path": "/Users/jzhang/Downloads/ECS193/pesticide-noi-project/src/components/filter/MapDistanceFilter.jsx",
    "statementMap": {
      "0": {
        "start": {
          "line": 8,
          "column": 20
        },
        "end": {
          "line": 8,
          "column": 22
        }
      },
      "1": {
        "start": {
          "line": 9,
          "column": 25
        },
        "end": {
          "line": 9,
          "column": 26
        }
      },
      "2": {
        "start": {
          "line": 10,
          "column": 18
        },
        "end": {
          "line": 17,
          "column": 1
        }
      },
      "3": {
        "start": {
          "line": 19,
          "column": 14
        },
        "end": {
          "line": 22,
          "column": 1
        }
      },
      "4": {
        "start": {
          "line": 25,
          "column": 16
        },
        "end": {
          "line": 25,
          "column": 32
        }
      },
      "5": {
        "start": {
          "line": 26,
          "column": 22
        },
        "end": {
          "line": 26,
          "column": 40
        }
      },
      "6": {
        "start": {
          "line": 28,
          "column": 16
        },
        "end": {
          "line": 28,
          "column": 26
        }
      },
      "7": {
        "start": {
          "line": 29,
          "column": 52
        },
        "end": {
          "line": 29,
          "column": 87
        }
      },
      "8": {
        "start": {
          "line": 31,
          "column": 23
        },
        "end": {
          "line": 33,
          "column": 3
        }
      },
      "9": {
        "start": {
          "line": 32,
          "column": 4
        },
        "end": {
          "line": 32,
          "column": 45
        }
      },
      "10": {
        "start": {
          "line": 35,
          "column": 2
        },
        "end": {
          "line": 37,
          "column": 33
        }
      },
      "11": {
        "start": {
          "line": 36,
          "column": 4
        },
        "end": {
          "line": 36,
          "column": 34
        }
      },
      "12": {
        "start": {
          "line": 39,
          "column": 2
        },
        "end": {
          "line": 62,
          "column": 4
        }
      },
      "13": {
        "start": {
          "line": 53,
          "column": 10
        },
        "end": {
          "line": 58,
          "column": 21
        }
      }
    },
    "fnMap": {
      "0": {
        "name": "MapDistanceFilter",
        "decl": {
          "start": {
            "line": 24,
            "column": 24
          },
          "end": {
            "line": 24,
            "column": 41
          }
        },
        "loc": {
          "start": {
            "line": 24,
            "column": 49
          },
          "end": {
            "line": 63,
            "column": 1
          }
        },
        "line": 24
      },
      "1": {
        "name": "(anonymous_1)",
        "decl": {
          "start": {
            "line": 31,
            "column": 23
          },
          "end": {
            "line": 31,
            "column": 24
          }
        },
        "loc": {
          "start": {
            "line": 31,
            "column": 34
          },
          "end": {
            "line": 33,
            "column": 3
          }
        },
        "line": 31
      },
      "2": {
        "name": "(anonymous_2)",
        "decl": {
          "start": {
            "line": 35,
            "column": 18
          },
          "end": {
            "line": 35,
            "column": 19
          }
        },
        "loc": {
          "start": {
            "line": 35,
            "column": 24
          },
          "end": {
            "line": 37,
            "column": 3
          }
        },
        "line": 35
      },
      "3": {
        "name": "(anonymous_3)",
        "decl": {
          "start": {
            "line": 52,
            "column": 19
          },
          "end": {
            "line": 52,
            "column": 20
          }
        },
        "loc": {
          "start": {
            "line": 53,
            "column": 10
          },
          "end": {
            "line": 58,
            "column": 21
          }
        },
        "line": 53
      }
    },
    "branchMap": {},
    "s": {
      "0": 46,
      "1": 46,
      "2": 46,
      "3": 46,
      "4": 56,
      "5": 56,
      "6": 56,
      "7": 56,
      "8": 56,
      "9": 1,
      "10": 56,
      "11": 56,
      "12": 56,
      "13": 112
    },
    "f": {
      "0": 56,
      "1": 1,
      "2": 56,
      "3": 112
    },
    "b": {},
    "_coverageSchema": "1a1c01bbd47fc00a2c39e90264f33305004495a9",
    "hash": "60a01595a7ea08707ef498264a9a55d348f1035f"
  },
  "/Users/jzhang/Downloads/ECS193/pesticide-noi-project/src/components/filter/index.js": {
    "path": "/Users/jzhang/Downloads/ECS193/pesticide-noi-project/src/components/filter/index.js",
    "statementMap": {},
    "fnMap": {},
    "branchMap": {},
    "s": {},
    "f": {},
    "b": {},
    "_coverageSchema": "1a1c01bbd47fc00a2c39e90264f33305004495a9",
    "hash": "351660ab9f1e01fe0d025ba39eef4d1e68659daa"
  },
  "/Users/jzhang/Downloads/ECS193/pesticide-noi-project/src/components/Filters.jsx": {
    "path": "/Users/jzhang/Downloads/ECS193/pesticide-noi-project/src/components/Filters.jsx",
    "statementMap": {
      "0": {
        "start": {
          "line": 9,
          "column": 16
        },
        "end": {
          "line": 122,
          "column": 1
        }
      },
      "1": {
        "start": {
          "line": 10,
          "column": 16
        },
        "end": {
          "line": 10,
          "column": 32
        }
      },
      "2": {
        "start": {
          "line": 11,
          "column": 24
        },
        "end": {
          "line": 11,
          "column": 38
        }
      },
      "3": {
        "start": {
          "line": 12,
          "column": 42
        },
        "end": {
          "line": 12,
          "column": 63
        }
      },
      "4": {
        "start": {
          "line": 14,
          "column": 21
        },
        "end": {
          "line": 16,
          "column": 3
        }
      },
      "5": {
        "start": {
          "line": 15,
          "column": 4
        },
        "end": {
          "line": 15,
          "column": 29
        }
      },
      "6": {
        "start": {
          "line": 18,
          "column": 20
        },
        "end": {
          "line": 20,
          "column": 3
        }
      },
      "7": {
        "start": {
          "line": 19,
          "column": 4
        },
        "end": {
          "line": 19,
          "column": 27
        }
      },
      "8": {
        "start": {
          "line": 22,
          "column": 23
        },
        "end": {
          "line": 24,
          "column": 3
        }
      },
      "9": {
        "start": {
          "line": 23,
          "column": 4
        },
        "end": {
          "line": 23,
          "column": 33
        }
      },
      "10": {
        "start": {
          "line": 25,
          "column": 28
        },
        "end": {
          "line": 27,
          "column": 3
        }
      },
      "11": {
        "start": {
          "line": 26,
          "column": 4
        },
        "end": {
          "line": 26,
          "column": 42
        }
      },
      "12": {
        "start": {
          "line": 29,
          "column": 25
        },
        "end": {
          "line": 31,
          "column": 3
        }
      },
      "13": {
        "start": {
          "line": 30,
          "column": 4
        },
        "end": {
          "line": 30,
          "column": 36
        }
      },
      "14": {
        "start": {
          "line": 33,
          "column": 23
        },
        "end": {
          "line": 35,
          "column": 3
        }
      },
      "15": {
        "start": {
          "line": 34,
          "column": 4
        },
        "end": {
          "line": 34,
          "column": 32
        }
      },
      "16": {
        "start": {
          "line": 37,
          "column": 26
        },
        "end": {
          "line": 39,
          "column": 3
        }
      },
      "17": {
        "start": {
          "line": 38,
          "column": 4
        },
        "end": {
          "line": 38,
          "column": 26
        }
      },
      "18": {
        "start": {
          "line": 41,
          "column": 23
        },
        "end": {
          "line": 43,
          "column": 3
        }
      },
      "19": {
        "start": {
          "line": 42,
          "column": 4
        },
        "end": {
          "line": 42,
          "column": 27
        }
      },
      "20": {
        "start": {
          "line": 45,
          "column": 2
        },
        "end": {
          "line": 121,
          "column": 4
        }
      }
    },
    "fnMap": {
      "0": {
        "name": "(anonymous_0)",
        "decl": {
          "start": {
            "line": 9,
            "column": 16
          },
          "end": {
            "line": 9,
            "column": 17
          }
        },
        "loc": {
          "start": {
            "line": 9,
            "column": 27
          },
          "end": {
            "line": 122,
            "column": 1
          }
        },
        "line": 9
      },
      "1": {
        "name": "(anonymous_1)",
        "decl": {
          "start": {
            "line": 14,
            "column": 21
          },
          "end": {
            "line": 14,
            "column": 22
          }
        },
        "loc": {
          "start": {
            "line": 14,
            "column": 33
          },
          "end": {
            "line": 16,
            "column": 3
          }
        },
        "line": 14
      },
      "2": {
        "name": "(anonymous_2)",
        "decl": {
          "start": {
            "line": 18,
            "column": 20
          },
          "end": {
            "line": 18,
            "column": 21
          }
        },
        "loc": {
          "start": {
            "line": 18,
            "column": 31
          },
          "end": {
            "line": 20,
            "column": 3
          }
        },
        "line": 18
      },
      "3": {
        "name": "(anonymous_3)",
        "decl": {
          "start": {
            "line": 22,
            "column": 23
          },
          "end": {
            "line": 22,
            "column": 24
          }
        },
        "loc": {
          "start": {
            "line": 22,
            "column": 37
          },
          "end": {
            "line": 24,
            "column": 3
          }
        },
        "line": 22
      },
      "4": {
        "name": "(anonymous_4)",
        "decl": {
          "start": {
            "line": 25,
            "column": 28
          },
          "end": {
            "line": 25,
            "column": 29
          }
        },
        "loc": {
          "start": {
            "line": 25,
            "column": 46
          },
          "end": {
            "line": 27,
            "column": 3
          }
        },
        "line": 25
      },
      "5": {
        "name": "(anonymous_5)",
        "decl": {
          "start": {
            "line": 29,
            "column": 25
          },
          "end": {
            "line": 29,
            "column": 26
          }
        },
        "loc": {
          "start": {
            "line": 29,
            "column": 40
          },
          "end": {
            "line": 31,
            "column": 3
          }
        },
        "line": 29
      },
      "6": {
        "name": "(anonymous_6)",
        "decl": {
          "start": {
            "line": 33,
            "column": 23
          },
          "end": {
            "line": 33,
            "column": 24
          }
        },
        "loc": {
          "start": {
            "line": 33,
            "column": 36
          },
          "end": {
            "line": 35,
            "column": 3
          }
        },
        "line": 33
      },
      "7": {
        "name": "(anonymous_7)",
        "decl": {
          "start": {
            "line": 37,
            "column": 26
          },
          "end": {
            "line": 37,
            "column": 27
          }
        },
        "loc": {
          "start": {
            "line": 37,
            "column": 32
          },
          "end": {
            "line": 39,
            "column": 3
          }
        },
        "line": 37
      },
      "8": {
        "name": "(anonymous_8)",
        "decl": {
          "start": {
            "line": 41,
            "column": 23
          },
          "end": {
            "line": 41,
            "column": 24
          }
        },
        "loc": {
          "start": {
            "line": 41,
            "column": 29
          },
          "end": {
            "line": 43,
            "column": 3
          }
        },
        "line": 41
      }
    },
    "branchMap": {},
    "s": {
      "0": 46,
      "1": 91,
      "2": 91,
      "3": 91,
      "4": 91,
      "5": 108,
      "6": 91,
      "7": 95,
      "8": 91,
      "9": 94,
      "10": 91,
      "11": 99,
      "12": 91,
      "13": 103,
      "14": 91,
      "15": 103,
      "16": 91,
      "17": 1,
      "18": 91,
      "19": 5,
      "20": 91
    },
    "f": {
      "0": 91,
      "1": 108,
      "2": 95,
      "3": 94,
      "4": 99,
      "5": 103,
      "6": 103,
      "7": 1,
      "8": 5
    },
    "b": {},
    "_coverageSchema": "1a1c01bbd47fc00a2c39e90264f33305004495a9",
    "hash": "6d9e4933dbde6f4afe584c0f8f51f7c8c2c75a13"
  },
  "/Users/jzhang/Downloads/ECS193/pesticide-noi-project/src/components/Footer.jsx": {
    "path": "/Users/jzhang/Downloads/ECS193/pesticide-noi-project/src/components/Footer.jsx",
    "statementMap": {
      "0": {
        "start": {
          "line": 5,
          "column": 15
        },
        "end": {
          "line": 30,
          "column": 1
        }
      },
      "1": {
        "start": {
          "line": 6,
          "column": 2
        },
        "end": {
          "line": 29,
          "column": 4
        }
      }
    },
    "fnMap": {
      "0": {
        "name": "(anonymous_0)",
        "decl": {
          "start": {
            "line": 5,
            "column": 15
          },
          "end": {
            "line": 5,
            "column": 16
          }
        },
        "loc": {
          "start": {
            "line": 5,
            "column": 21
          },
          "end": {
            "line": 30,
            "column": 1
          }
        },
        "line": 5
      }
    },
    "branchMap": {},
    "s": {
      "0": 46,
      "1": 120
    },
    "f": {
      "0": 120
    },
    "b": {},
    "_coverageSchema": "1a1c01bbd47fc00a2c39e90264f33305004495a9",
    "hash": "97f7d632082d3cc92cfe6f1754ba67ae2cae9b13"
  },
  "/Users/jzhang/Downloads/ECS193/pesticide-noi-project/src/components/Emergency.jsx": {
    "path": "/Users/jzhang/Downloads/ECS193/pesticide-noi-project/src/components/Emergency.jsx",
    "statementMap": {
      "0": {
        "start": {
          "line": 6,
          "column": 18
        },
        "end": {
          "line": 45,
          "column": 1
        }
      },
      "1": {
        "start": {
          "line": 7,
          "column": 16
        },
        "end": {
          "line": 7,
          "column": 32
        }
      },
      "2": {
        "start": {
          "line": 9,
          "column": 2
        },
        "end": {
          "line": 44,
          "column": 4
        }
      }
    },
    "fnMap": {
      "0": {
        "name": "(anonymous_0)",
        "decl": {
          "start": {
            "line": 6,
            "column": 18
          },
          "end": {
            "line": 6,
            "column": 19
          }
        },
        "loc": {
          "start": {
            "line": 6,
            "column": 24
          },
          "end": {
            "line": 45,
            "column": 1
          }
        },
        "line": 6
      }
    },
    "branchMap": {},
    "s": {
      "0": 46,
      "1": 55,
      "2": 55
    },
    "f": {
      "0": 55
    },
    "b": {},
    "_coverageSchema": "1a1c01bbd47fc00a2c39e90264f33305004495a9",
    "hash": "ad28d2658de9397b6cd5dfc6093de6f625216c16"
  },
  "/Users/jzhang/Downloads/ECS193/pesticide-noi-project/src/components/HomePanel.jsx": {
    "path": "/Users/jzhang/Downloads/ECS193/pesticide-noi-project/src/components/HomePanel.jsx",
    "statementMap": {
      "0": {
        "start": {
          "line": 12,
          "column": 37
        },
        "end": {
          "line": 12,
          "column": 42
        }
      },
      "1": {
        "start": {
          "line": 14,
          "column": 2
        },
        "end": {
          "line": 27,
          "column": 4
        }
      },
      "2": {
        "start": {
          "line": 31,
          "column": 18
        },
        "end": {
          "line": 76,
          "column": 1
        }
      },
      "3": {
        "start": {
          "line": 32,
          "column": 16
        },
        "end": {
          "line": 32,
          "column": 32
        }
      },
      "4": {
        "start": {
          "line": 33,
          "column": 16
        },
        "end": {
          "line": 33,
          "column": 26
        }
      },
      "5": {
        "start": {
          "line": 35,
          "column": 28
        },
        "end": {
          "line": 35,
          "column": 45
        }
      },
      "6": {
        "start": {
          "line": 37,
          "column": 20
        },
        "end": {
          "line": 37,
          "column": 34
        }
      },
      "7": {
        "start": {
          "line": 38,
          "column": 20
        },
        "end": {
          "line": 38,
          "column": 34
        }
      },
      "8": {
        "start": {
          "line": 41,
          "column": 23
        },
        "end": {
          "line": 43,
          "column": 3
        }
      },
      "9": {
        "start": {
          "line": 42,
          "column": 4
        },
        "end": {
          "line": 42,
          "column": 23
        }
      },
      "10": {
        "start": {
          "line": 46,
          "column": 4
        },
        "end": {
          "line": 49,
          "column": 6
        }
      },
      "11": {
        "start": {
          "line": 53,
          "column": 2
        },
        "end": {
          "line": 75,
          "column": 4
        }
      }
    },
    "fnMap": {
      "0": {
        "name": "TabPanel",
        "decl": {
          "start": {
            "line": 11,
            "column": 9
          },
          "end": {
            "line": 11,
            "column": 17
          }
        },
        "loc": {
          "start": {
            "line": 11,
            "column": 25
          },
          "end": {
            "line": 28,
            "column": 1
          }
        },
        "line": 11
      },
      "1": {
        "name": "(anonymous_1)",
        "decl": {
          "start": {
            "line": 31,
            "column": 18
          },
          "end": {
            "line": 31,
            "column": 19
          }
        },
        "loc": {
          "start": {
            "line": 31,
            "column": 24
          },
          "end": {
            "line": 76,
            "column": 1
          }
        },
        "line": 31
      },
      "2": {
        "name": "(anonymous_2)",
        "decl": {
          "start": {
            "line": 41,
            "column": 23
          },
          "end": {
            "line": 41,
            "column": 24
          }
        },
        "loc": {
          "start": {
            "line": 41,
            "column": 40
          },
          "end": {
            "line": 43,
            "column": 3
          }
        },
        "line": 41
      },
      "3": {
        "name": "a11yProps",
        "decl": {
          "start": {
            "line": 45,
            "column": 11
          },
          "end": {
            "line": 45,
            "column": 20
          }
        },
        "loc": {
          "start": {
            "line": 45,
            "column": 28
          },
          "end": {
            "line": 50,
            "column": 3
          }
        },
        "line": 45
      }
    },
    "branchMap": {
      "0": {
        "loc": {
          "start": {
            "line": 21,
            "column": 7
          },
          "end": {
            "line": 25,
            "column": 7
          }
        },
        "type": "binary-expr",
        "locations": [
          {
            "start": {
              "line": 21,
              "column": 7
            },
            "end": {
              "line": 21,
              "column": 22
            }
          },
          {
            "start": {
              "line": 22,
              "column": 8
            },
            "end": {
              "line": 24,
              "column": 14
            }
          }
        ],
        "line": 21
      }
    },
    "s": {
      "0": 114,
      "1": 114,
      "2": 46,
      "3": 57,
      "4": 57,
      "5": 57,
      "6": 57,
      "7": 57,
      "8": 57,
      "9": 2,
      "10": 114,
      "11": 57
    },
    "f": {
      "0": 114,
      "1": 57,
      "2": 2,
      "3": 114
    },
    "b": {
      "0": [
        114,
        57
      ]
    },
    "_coverageSchema": "1a1c01bbd47fc00a2c39e90264f33305004495a9",
    "hash": "3f915f26a8631eef0acd511c5cdd9fdda168d7fa"
  },
  "/Users/jzhang/Downloads/ECS193/pesticide-noi-project/src/components/Home.jsx": {
    "path": "/Users/jzhang/Downloads/ECS193/pesticide-noi-project/src/components/Home.jsx",
    "statementMap": {
      "0": {
        "start": {
          "line": 14,
          "column": 12
        },
        "end": {
          "line": 14,
          "column": 22
        }
      },
      "1": {
        "start": {
          "line": 15,
          "column": 12
        },
        "end": {
          "line": 15,
          "column": 53
        }
      },
      "2": {
        "start": {
          "line": 17,
          "column": 16
        },
        "end": {
          "line": 17,
          "column": 50
        }
      },
      "3": {
        "start": {
          "line": 19,
          "column": 13
        },
        "end": {
          "line": 88,
          "column": 1
        }
      },
      "4": {
        "start": {
          "line": 20,
          "column": 16
        },
        "end": {
          "line": 20,
          "column": 32
        }
      },
      "5": {
        "start": {
          "line": 22,
          "column": 34
        },
        "end": {
          "line": 22,
          "column": 50
        }
      },
      "6": {
        "start": {
          "line": 23,
          "column": 46
        },
        "end": {
          "line": 23,
          "column": 71
        }
      },
      "7": {
        "start": {
          "line": 24,
          "column": 30
        },
        "end": {
          "line": 24,
          "column": 47
        }
      },
      "8": {
        "start": {
          "line": 26,
          "column": 23
        },
        "end": {
          "line": 32,
          "column": 3
        }
      },
      "9": {
        "start": {
          "line": 28,
          "column": 4
        },
        "end": {
          "line": 28,
          "column": 33
        }
      },
      "10": {
        "start": {
          "line": 31,
          "column": 4
        },
        "end": {
          "line": 31,
          "column": 26
        }
      },
      "11": {
        "start": {
          "line": 34,
          "column": 29
        },
        "end": {
          "line": 37,
          "column": 3
        }
      },
      "12": {
        "start": {
          "line": 36,
          "column": 4
        },
        "end": {
          "line": 36,
          "column": 29
        }
      },
      "13": {
        "start": {
          "line": 39,
          "column": 21
        },
        "end": {
          "line": 41,
          "column": 3
        }
      },
      "14": {
        "start": {
          "line": 40,
          "column": 4
        },
        "end": {
          "line": 40,
          "column": 22
        }
      },
      "15": {
        "start": {
          "line": 44,
          "column": 2
        },
        "end": {
          "line": 87,
          "column": 4
        }
      }
    },
    "fnMap": {
      "0": {
        "name": "(anonymous_0)",
        "decl": {
          "start": {
            "line": 19,
            "column": 13
          },
          "end": {
            "line": 19,
            "column": 14
          }
        },
        "loc": {
          "start": {
            "line": 19,
            "column": 24
          },
          "end": {
            "line": 88,
            "column": 1
          }
        },
        "line": 19
      },
      "1": {
        "name": "(anonymous_1)",
        "decl": {
          "start": {
            "line": 26,
            "column": 23
          },
          "end": {
            "line": 26,
            "column": 24
          }
        },
        "loc": {
          "start": {
            "line": 26,
            "column": 37
          },
          "end": {
            "line": 32,
            "column": 3
          }
        },
        "line": 26
      },
      "2": {
        "name": "(anonymous_2)",
        "decl": {
          "start": {
            "line": 34,
            "column": 29
          },
          "end": {
            "line": 34,
            "column": 30
          }
        },
        "loc": {
          "start": {
            "line": 34,
            "column": 40
          },
          "end": {
            "line": 37,
            "column": 3
          }
        },
        "line": 34
      },
      "3": {
        "name": "(anonymous_3)",
        "decl": {
          "start": {
            "line": 39,
            "column": 21
          },
          "end": {
            "line": 39,
            "column": 22
          }
        },
        "loc": {
          "start": {
            "line": 39,
            "column": 33
          },
          "end": {
            "line": 41,
            "column": 3
          }
        },
        "line": 39
      }
    },
    "branchMap": {},
    "s": {
      "0": 46,
      "1": 46,
      "2": 46,
      "3": 46,
      "4": 129,
      "5": 87,
      "6": 87,
      "7": 87,
      "8": 87,
      "9": 67,
      "10": 67,
      "11": 87,
      "12": 56,
      "13": 87,
      "14": 56,
[...]
      },
      "4": {
        "loc": {
          "start": {
            "line": 42,
            "column": 45
          },
          "end": {
            "line": 42,
            "column": 77
          }
        },
        "type": "binary-expr",
        "locations": [
          {
            "start": {
              "line": 42,
              "column": 45
            },
            "end": {
              "line": 42,
              "column": 54
            }
          },
          {
            "start": {
              "line": 42,
              "column": 58
            },
            "end": {
              "line": 42,
              "column": 67
            }
          },
          {
            "start": {
              "line": 42,
              "column": 71
            },
            "end": {
              "line": 42,
              "column": 77
            }
          }
        ],
        "line": 42
      },
      "5": {
        "loc": {
          "start": {
            "line": 42,
            "column": 86
          },
          "end": {
            "line": 42,
            "column": 145
          }
        },
        "type": "cond-expr",
        "locations": [
          {
            "start": {
              "line": 42,
              "column": 101
            },
            "end": {
              "line": 42,
              "column": 135
            }
          },
          {
            "start": {
              "line": 42,
              "column": 138
            },
            "end": {
              "line": 42,
              "column": 145
            }
          }
        ],
        "line": 42
      },
      "6": {
        "loc": {
          "start": {
            "line": 46,
            "column": 18
          },
          "end": {
            "line": 46,
            "column": 96
          }
        },
        "type": "cond-expr",
        "locations": [
          {
            "start": {
              "line": 46,
              "column": 43
            },
            "end": {
              "line": 46,
              "column": 68
            }
          },
          {
            "start": {
              "line": 46,
              "column": 71
            },
            "end": {
              "line": 46,
              "column": 96
            }
          }
        ],
        "line": 46
      },
      "7": {
        "loc": {
          "start": {
            "line": 120,
            "column": 4
          },
          "end": {
            "line": 122,
            "column": 5
          }
        },
        "type": "if",
        "locations": [
          {
            "start": {
              "line": 120,
              "column": 4
            },
            "end": {
              "line": 122,
              "column": 5
            }
          },
          {
            "start": {
              "line": 120,
              "column": 4
            },
            "end": {
              "line": 122,
              "column": 5
            }
          }
        ],
        "line": 120
      },
      "8": {
        "loc": {
          "start": {
            "line": 120,
            "column": 8
          },
          "end": {
            "line": 120,
            "column": 20
          }
        },
        "type": "binary-expr",
        "locations": [
          {
            "start": {
              "line": 120,
              "column": 8
            },
            "end": {
              "line": 120,
              "column": 12
            }
          },
          {
            "start": {
              "line": 120,
              "column": 16
            },
            "end": {
              "line": 120,
              "column": 20
            }
          }
        ],
        "line": 120
      },
      "9": {
        "loc": {
          "start": {
            "line": 139,
            "column": 4
          },
          "end": {
            "line": 149,
            "column": 5
          }
        },
        "type": "if",
        "locations": [
          {
            "start": {
              "line": 139,
              "column": 4
            },
            "end": {
              "line": 149,
              "column": 5
            }
          },
          {
            "start": {
              "line": 139,
              "column": 4
            },
            "end": {
              "line": 149,
              "column": 5
            }
          }
        ],
        "line": 139
      },
      "10": {
        "loc": {
          "start": {
            "line": 139,
            "column": 10
          },
          "end": {
            "line": 139,
            "column": 42
          }
        },
        "type": "binary-expr",
        "locations": [
          {
            "start": {
              "line": 139,
              "column": 10
            },
            "end": {
              "line": 139,
              "column": 19
            }
          },
          {
            "start": {
              "line": 139,
              "column": 23
            },
            "end": {
              "line": 139,
              "column": 32
            }
          },
          {
            "start": {
              "line": 139,
              "column": 36
            },
            "end": {
              "line": 139,
              "column": 42
            }
          }
        ],
        "line": 139
      },
      "11": {
        "loc": {
          "start": {
            "line": 171,
            "column": 17
          },
          "end": {
            "line": 171,
            "column": 70
          }
        },
        "type": "cond-expr",
        "locations": [
          {
            "start": {
              "line": 171,
              "column": 27
            },
            "end": {
              "line": 171,
              "column": 34
            }
          },
          {
            "start": {
              "line": 171,
              "column": 37
            },
            "end": {
              "line": 171,
              "column": 70
            }
          }
        ],
        "line": 171
      },
      "12": {
        "loc": {
          "start": {
            "line": 218,
            "column": 4
          },
          "end": {
            "line": 232,
            "column": 5
          }
        },
        "type": "if",
        "locations": [
          {
            "start": {
              "line": 218,
              "column": 4
            },
            "end": {
              "line": 232,
              "column": 5
            }
          },
          {
            "start": {
              "line": 218,
              "column": 4
            },
            "end": {
              "line": 232,
              "column": 5
            }
          }
        ],
        "line": 218
      },
      "13": {
        "loc": {
          "start": {
            "line": 315,
            "column": 16
          },
          "end": {
            "line": 315,
            "column": 175
          }
        },
        "type": "cond-expr",
        "locations": [
          {
            "start": {
              "line": 315,
              "column": 26
            },
            "end": {
              "line": 315,
              "column": 34
            }
          },
          {
            "start": {
              "line": 315,
              "column": 37
            },
            "end": {
              "line": 315,
              "column": 175
            }
          }
        ],
        "line": 315
      },
      "14": {
        "loc": {
          "start": {
            "line": 315,
            "column": 37
          },
          "end": {
            "line": 315,
            "column": 175
          }
        },
        "type": "cond-expr",
        "locations": [
          {
            "start": {
              "line": 315,
              "column": 74
            },
            "end": {
              "line": 315,
              "column": 76
            }
          },
          {
            "start": {
              "line": 315,
              "column": 79
            },
            "end": {
              "line": 315,
              "column": 175
            }
          }
        ],
        "line": 315
      },
      "15": {
        "loc": {
          "start": {
            "line": 315,
            "column": 38
          },
          "end": {
            "line": 315,
            "column": 70
          }
        },
        "type": "binary-expr",
        "locations": [
          {
            "start": {
              "line": 315,
              "column": 38
            },
            "end": {
              "line": 315,
              "column": 47
            }
          },
          {
            "start": {
              "line": 315,
              "column": 51
            },
            "end": {
              "line": 315,
              "column": 60
            }
          },
          {
            "start": {
              "line": 315,
              "column": 64
            },
            "end": {
              "line": 315,
              "column": 70
            }
          }
        ],
        "line": 315
      },
      "16": {
        "loc": {
          "start": {
            "line": 315,
            "column": 79
          },
          "end": {
            "line": 315,
            "column": 175
          }
        },
        "type": "cond-expr",
        "locations": [
          {
            "start": {
              "line": 315,
              "column": 126
            },
            "end": {
              "line": 315,
              "column": 170
            }
          },
          {
            "start": {
              "line": 315,
              "column": 173
            },
            "end": {
              "line": 315,
              "column": 175
            }
          }
        ],
        "line": 315
      },
      "17": {
        "loc": {
          "start": {
            "line": 328,
            "column": 12
          },
          "end": {
            "line": 331,
            "column": 41
          }
        },
        "type": "cond-expr",
        "locations": [
          {
            "start": {
              "line": 328,
              "column": 41
            },
            "end": {
              "line": 331,
              "column": 14
            }
          },
          {
            "start": {
              "line": 331,
              "column": 17
            },
            "end": {
              "line": 331,
              "column": 41
            }
          }
        ],
        "line": 328
      },
      "18": {
        "loc": {
          "start": {
            "line": 350,
            "column": 10
          },
          "end": {
            "line": 362,
            "column": 10
          }
        },
        "type": "binary-expr",
        "locations": [
          {
            "start": {
              "line": 350,
              "column": 10
            },
            "end": {
              "line": 350,
              "column": 14
            }
          },
          {
            "start": {
              "line": 351,
              "column": 8
            },
            "end": {
              "line": 362,
              "column": 10
            }
          }
        ],
        "line": 350
      }
    },
    "s": {
      "0": 141,
      "1": 141,
      "2": 20,
      "3": 141,
      "4": 141,
      "5": 141,
      "6": 141,
      "7": 141,
      "8": 141,
      "9": 141,
      "10": 141,
      "11": 141,
      "12": 141,
      "13": 141,
      "14": 141,
      "15": 141,
      "16": 141,
      "17": 141,
      "18": 141,
      "19": 141,
      "20": 141,
      "21": 141,
      "22": 141,
      "23": 129350,
      "24": 129350,
      "25": 129350,
      "26": 129350,
      "27": 129350,
      "28": 209894,
      "29": 129350,
      "30": 141,
      "31": 141,
      "32": 4,
      "33": 141,
      "34": 1,
      "35": 141,
      "36": 4,
      "37": 141,
      "38": 87,
      "39": 0,
      "40": 87,
      "41": 15,
      "42": 0,
      "43": 141,
      "44": 20,
      "45": 19,
      "46": 6,
      "47": 6,
      "48": 6,
      "49": 20,
      "50": 141,
      "51": 67,
      "52": 67,
      "53": 67,
      "54": 141,
      "55": 1,
      "56": 1,
      "57": 1,
      "58": 1,
      "59": 1,
      "60": 1,
      "61": 1,
      "62": 0,
      "63": 141,
      "64": 20,
      "65": 20,
      "66": 141,
      "67": 20,
      "68": 141,
      "69": 1,
      "70": 1,
      "71": 1,
      "72": 1,
      "73": 1,
      "74": 141,
      "75": 3,
      "76": 3,
      "77": 1,
      "78": 1,
      "79": 1,
      "80": 1,
      "81": 1,
      "82": 2,
      "83": 2,
      "84": 2,
      "85": 2,
      "86": 2,
      "87": 141,
      "88": 3,
      "89": 141,
      "90": 3,
      "91": 3,
      "92": 3,
      "93": 3,
      "94": 24,
      "95": 141,
      "96": 4,
      "97": 4,
      "98": 20,
      "99": 121,
      "100": 15951,
      "101": 24
    },
    "f": {
      "0": 141,
      "1": 20,
      "2": 129350,
      "3": 4,
      "4": 1,
      "5": 4,
      "6": 87,
      "7": 15,
      "8": 0,
      "9": 20,
      "10": 6,
      "11": 67,
      "12": 1,
      "13": 1,
      "14": 0,
      "15": 20,
      "16": 20,
      "17": 1,
      "18": 1,
      "19": 3,
      "20": 3,
      "21": 3,
      "22": 24,
      "23": 4,
      "24": 20,
      "25": 121,
      "26": 15951,
      "27": 24
    },
    "b": {
      "0": [
        1,
        19
      ],
      "1": [
        20,
        1
      ],
      "2": [
        11,
        130
      ],
      "3": [
        3,
        127
      ],
      "4": [
        130,
        13,
        13
      ],
      "5": [
        127,
        0
      ],
      "6": [
        137,
        4
      ],
      "7": [
        0,
        87
      ],
      "8": [
        87,
        0
      ],
      "9": [
        19,
        1
      ],
      "10": [
        20,
        1,
        1
      ],
      "11": [
        0,
        1
      ],
      "12": [
        1,
        2
      ],
      "13": [
        11,
        130
      ],
      "14": [
        3,
        127
      ],
      "15": [
        130,
        13,
        13
      ],
      "16": [
        127,
        0
      ],
      "17": [
        17,
        104
      ],
      "18": [
        141,
        11
      ]
    },
    "_coverageSchema": "1a1c01bbd47fc00a2c39e90264f33305004495a9",
    "hash": "39b607613372b84eeb145a6b35276177c7de09f4"
  },
  "/Users/jzhang/Downloads/ECS193/pesticide-noi-project/src/components/index.js": {
    "path": "/Users/jzhang/Downloads/ECS193/pesticide-noi-project/src/components/index.js",
    "statementMap": {},
    "fnMap": {},
    "branchMap": {},
    "s": {},
    "f": {},
    "b": {},
    "_coverageSchema": "1a1c01bbd47fc00a2c39e90264f33305004495a9",
    "hash": "856c3012e626839bb1eb4253969dd76063ad6546"
  },
  "/Users/jzhang/Downloads/ECS193/pesticide-noi-project/src/styles/theme/index.js": {
    "path": "/Users/jzhang/Downloads/ECS193/pesticide-noi-project/src/styles/theme/index.js",
    "statementMap": {
      "0": {
        "start": {
          "line": 3,
          "column": 22
        },
        "end": {
          "line": 7,
          "column": 1
        }
      },
      "1": {
        "start": {
          "line": 9,
          "column": 14
        },
        "end": {
          "line": 21,
          "column": 2
        }
      }
    },
    "fnMap": {},
    "branchMap": {},
    "s": {
      "0": 46,
      "1": 46
    },
    "f": {},
    "b": {},
    "_coverageSchema": "1a1c01bbd47fc00a2c39e90264f33305004495a9",
    "hash": "4334a9e9e01a7ba0cedd9137c29defe68c2e05f3"
  },
  "/Users/jzhang/Downloads/ECS193/pesticide-noi-project/src/App.jsx": {
    "path": "/Users/jzhang/Downloads/ECS193/pesticide-noi-project/src/App.jsx",
    "statementMap": {
      "0": {
        "start": {
          "line": 13,
          "column": 12
        },
        "end": {
          "line": 49,
          "column": 1
        }
      },
      "1": {
        "start": {
          "line": 14,
          "column": 34
        },
        "end": {
          "line": 14,
          "column": 50
        }
      },
      "2": {
        "start": {
          "line": 16,
          "column": 23
        },
        "end": {
          "line": 18,
          "column": 3
        }
      },
      "3": {
        "start": {
          "line": 17,
          "column": 4
        },
        "end": {
          "line": 17,
          "column": 26
        }
      },
      "4": {
        "start": {
          "line": 20,
          "column": 42
        },
        "end": {
          "line": 20,
          "column": 59
        }
      },
      "5": {
        "start": {
          "line": 22,
          "column": 2
        },
        "end": {
          "line": 48,
          "column": 4
        }
      },
      "6": {
        "start": {
          "line": 37,
          "column": 14
        },
        "end": {
          "line": 37,
          "column": 69
        }
      }
    },
    "fnMap": {
      "0": {
        "name": "(anonymous_0)",
        "decl": {
          "start": {
            "line": 13,
            "column": 12
          },
          "end": {
            "line": 13,
            "column": 13
          }
        },
        "loc": {
          "start": {
            "line": 13,
            "column": 18
          },
          "end": {
            "line": 49,
            "column": 1
          }
        },
        "line": 13
      },
      "1": {
        "name": "(anonymous_1)",
        "decl": {
          "start": {
            "line": 16,
            "column": 23
          },
          "end": {
            "line": 16,
            "column": 24
          }
        },
        "loc": {
          "start": {
            "line": 16,
            "column": 37
          },
          "end": {
            "line": 18,
            "column": 3
          }
        },
        "line": 16
      },
      "2": {
        "name": "(anonymous_2)",
        "decl": {
          "start": {
            "line": 36,
            "column": 23
          },
          "end": {
            "line": 36,
            "column": 24
          }
        },
        "loc": {
          "start": {
            "line": 36,
            "column": 29
          },
          "end": {
            "line": 38,
            "column": 13
          }
        },
        "line": 36
      }
    },
    "branchMap": {},
    "s": {
      "0": 46,
      "1": 136,
      "2": 104,
      "3": 67,
      "4": 104,
      "5": 104,
      "6": 1
    },
    "f": {
      "0": 136,
      "1": 67,
      "2": 1
    },
    "b": {},
    "_coverageSchema": "1a1c01bbd47fc00a2c39e90264f33305004495a9",
    "hash": "8fd5bb4b726a062155f4dd7546d5dda7880543eb"
  },
  "/Users/jzhang/Downloads/ECS193/pesticide-noi-project/src/i18n.js": {
    "path": "/Users/jzhang/Downloads/ECS193/pesticide-noi-project/src/i18n.js",
    "statementMap": {
      "0": {
        "start": {
          "line": 5,
          "column": 0
        },
        "end": {
          "line": 16,
          "column": 5
        }
      }
    },
    "fnMap": {},
    "branchMap": {},
    "s": {
      "0": 46
    },
    "f": {},
    "b": {},
    "_coverageSchema": "1a1c01bbd47fc00a2c39e90264f33305004495a9",
    "hash": "f44816861a7a518ecb56fe35d978702908fddfca"
  },
  "/Users/jzhang/Downloads/ECS193/pesticide-noi-project/src/index.js": {
    "path": "/Users/jzhang/Downloads/ECS193/pesticide-noi-project/src/index.js",
    "statementMap": {
      "0": {
        "start": {
          "line": 7,
          "column": 13
        },
        "end": {
          "line": 7,
          "column": 65
        }
      },
      "1": {
        "start": {
          "line": 8,
          "column": 0
        },
        "end": {
          "line": 14,
          "column": 2
        }
      }
    },
    "fnMap": {},
    "branchMap": {},
    "s": {
      "0": 46,
      "1": 46
    },
    "f": {},
    "b": {},
    "_coverageSchema": "1a1c01bbd47fc00a2c39e90264f33305004495a9",
    "hash": "56671a89f19f40fa3f19e02507fa375a9596daa9"
  }
}