{
  "/Users/jzhang/Downloads/ECS193/pesticide-noi-project/src/components/CommunityVoices.jsx": {
    "path": "/Users/jzhang/Downloads/ECS193/pesticide-noi-project/src/components/CommunityVoices.jsx",
    "statementMap": {
      "0": {
        "start": {
          "line": 6,
          "column": 24
        },
        "end": {
          "line": 35,
          "column": 1
        }
      },
      "1": {
        "start": {
          "line": 7,
          "column": 16
        },
        "end": {
          "line": 7,
          "column": 32
        }
      },
      "2": {
        "start": {
          "line": 8,
          "column": 17
        },
        "end": {
          "line": 8,
          "column": 36
        }
      },
      "3": {
        "start": {
          "line": 9,
          "column": 17
        },
        "end": {
          "line": 9,
          "column": 36
        }
      },
      "4": {
        "start": {
          "line": 10,
          "column": 17
        },
        "end": {
          "line": 10,
          "column": 36
        }
      },
      "5": {
        "start": {
          "line": 12,
          "column": 2
        },
        "end": {
          "line": 34,
          "column": 4
        }
      }
    },
    "fnMap": {
      "0": {
        "name": "(anonymous_0)",
        "decl": {
          "start": {
            "line": 6,
            "column": 24
          },
          "end": {
            "line": 6,
            "column": 25
          }
        },
        "loc": {
          "start": {
            "line": 6,
            "column": 30
          },
          "end": {
            "line": 35,
            "column": 1
          }
        },
        "line": 6
      }
    },
    "branchMap": {},
    "s": {
      "0": 27,
      "1": 2,
      "2": 2,
      "3": 2,
      "4": 2,
      "5": 2
    },
    "f": {
      "0": 2
    },
    "b": {},
    "_coverageSchema": "1a1c01bbd47fc00a2c39e90264f33305004495a9",
    "hash": "6eb41a052554e65b3c5cdc9657a75a73ea3f8924"
  },
  "/Users/jzhang/Downloads/ECS193/pesticide-noi-project/src/components/filter/AerialGroundFilter.jsx": {
    "path": "/Users/jzhang/Downloads/ECS193/pesticide-noi-project/src/components/filter/AerialGroundFilter.jsx",
    "statementMap": {
      "0": {
        "start": {
          "line": 8,
          "column": 20
        },
        "end": {
          "line": 8,
          "column": 22
        }
      },
      "1": {
        "start": {
          "line": 9,
          "column": 25
        },
        "end": {
          "line": 9,
          "column": 26
        }
      },
      "2": {
        "start": {
          "line": 10,
          "column": 18
        },
        "end": {
          "line": 17,
          "column": 1
        }
      },
      "3": {
        "start": {
          "line": 19,
          "column": 14
        },
        "end": {
          "line": 23,
          "column": 1
        }
      },
      "4": {
        "start": {
          "line": 26,
          "column": 16
        },
        "end": {
          "line": 26,
          "column": 32
        }
      },
      "5": {
        "start": {
          "line": 27,
          "column": 22
        },
        "end": {
          "line": 27,
          "column": 41
        }
      },
      "6": {
        "start": {
          "line": 29,
          "column": 16
        },
        "end": {
          "line": 29,
          "column": 26
        }
      },
      "7": {
        "start": {
          "line": 30,
          "column": 52
        },
        "end": {
          "line": 30,
          "column": 93
        }
      },
      "8": {
        "start": {
          "line": 32,
          "column": 2
        },
        "end": {
          "line": 37,
          "column": 26
        }
      },
      "9": {
        "start": {
          "line": 33,
          "column": 4
        },
        "end": {
          "line": 36,
          "column": 5
        }
      },
      "10": {
        "start": {
          "line": 34,
          "column": 6
        },
        "end": {
          "line": 34,
          "column": 20
        }
      },
      "11": {
        "start": {
          "line": 35,
          "column": 6
        },
        "end": {
          "line": 35,
          "column": 27
        }
      },
      "12": {
        "start": {
          "line": 39,
          "column": 22
        },
        "end": {
          "line": 41,
          "column": 3
        }
      },
      "13": {
        "start": {
          "line": 40,
          "column": 4
        },
        "end": {
          "line": 40,
          "column": 29
        }
      },
      "14": {
        "start": {
          "line": 43,
          "column": 23
        },
        "end": {
          "line": 45,
          "column": 3
        }
      },
      "15": {
        "start": {
          "line": 44,
          "column": 4
        },
        "end": {
          "line": 44,
          "column": 45
        }
      },
      "16": {
        "start": {
          "line": 47,
          "column": 2
        },
        "end": {
          "line": 49,
          "column": 33
        }
      },
      "17": {
        "start": {
          "line": 48,
          "column": 4
        },
        "end": {
          "line": 48,
          "column": 34
        }
      },
      "18": {
        "start": {
          "line": 51,
          "column": 2
        },
        "end": {
          "line": 74,
          "column": 4
        }
      },
      "19": {
        "start": {
          "line": 65,
          "column": 10
        },
        "end": {
          "line": 70,
          "column": 21
        }
      }
    },
    "fnMap": {
      "0": {
        "name": "DateFilter",
        "decl": {
          "start": {
            "line": 25,
            "column": 24
          },
          "end": {
            "line": 25,
            "column": 34
          }
        },
        "loc": {
          "start": {
            "line": 25,
            "column": 42
          },
          "end": {
            "line": 75,
            "column": 1
          }
        },
        "line": 25
      },
      "1": {
        "name": "(anonymous_1)",
        "decl": {
          "start": {
            "line": 32,
            "column": 18
          },
          "end": {
            "line": 32,
            "column": 19
          }
        },
        "loc": {
          "start": {
            "line": 32,
            "column": 24
          },
          "end": {
            "line": 37,
            "column": 3
          }
        },
        "line": 32
      },
      "2": {
        "name": "(anonymous_2)",
        "decl": {
          "start": {
            "line": 39,
            "column": 22
          },
          "end": {
            "line": 39,
            "column": 23
          }
        },
        "loc": {
          "start": {
            "line": 39,
            "column": 28
          },
          "end": {
            "line": 41,
            "column": 3
          }
        },
        "line": 39
      },
      "3": {
        "name": "(anonymous_3)",
        "decl": {
          "start": {
            "line": 43,
            "column": 23
          },
          "end": {
            "line": 43,
            "column": 24
          }
        },
        "loc": {
          "start": {
            "line": 43,
            "column": 34
          },
          "end": {
            "line": 45,
            "column": 3
          }
        },
        "line": 43
      },
      "4": {
        "name": "(anonymous_4)",
        "decl": {
          "start": {
            "line": 47,
            "column": 18
          },
          "end": {
            "line": 47,
            "column": 19
          }
        },
        "loc": {
          "start": {
            "line": 47,
            "column": 24
          },
          "end": {
            "line": 49,
            "column": 3
          }
        },
        "line": 47
      },
      "5": {
        "name": "(anonymous_5)",
        "decl": {
          "start": {
            "line": 64,
            "column": 19
          },
          "end": {
            "line": 64,
            "column": 20
          }
        },
        "loc": {
          "start": {
            "line": 65,
            "column": 10
          },
          "end": {
            "line": 70,
            "column": 21
          }
        },
        "line": 65
      }
    },
    "branchMap": {
      "0": {
        "loc": {
          "start": {
            "line": 33,
            "column": 4
          },
          "end": {
            "line": 36,
            "column": 5
          }
        },
        "type": "if",
        "locations": [
          {
            "start": {
              "line": 33,
              "column": 4
            },
            "end": {
              "line": 36,
              "column": 5
            }
          },
          {
            "start": {
              "line": 33,
              "column": 4
            },
            "end": {
              "line": 36,
              "column": 5
            }
          }
        ],
        "line": 33
      }
    },
    "s": {
      "0": 27,
      "1": 27,
      "2": 27,
      "3": 27,
      "4": 38,
      "5": 38,
      "6": 38,
      "7": 38,
      "8": 38,
      "9": 15,
      "10": 1,
      "11": 1,
      "12": 38,
      "13": 1,
      "14": 38,
      "15": 4,
      "16": 38,
      "17": 38,
      "18": 38,
      "19": 114
    },
    "f": {
      "0": 38,
      "1": 15,
      "2": 1,
      "3": 4,
      "4": 38,
      "5": 114
    },
    "b": {
      "0": [
        1,
        14
      ]
    },
    "_coverageSchema": "1a1c01bbd47fc00a2c39e90264f33305004495a9",
    "hash": "89113605e9359629ae8709b1d5eb4f1e8f8c838a"
  },
  "/Users/jzhang/Downloads/ECS193/pesticide-noi-project/src/components/filter/CountyFilter.jsx": {
    "path": "/Users/jzhang/Downloads/ECS193/pesticide-noi-project/src/components/filter/CountyFilter.jsx",
    "statementMap": {
      "0": {
        "start": {
          "line": 7,
          "column": 20
        },
        "end": {
          "line": 7,
          "column": 22
        }
      },
      "1": {
        "start": {
          "line": 8,
          "column": 25
        },
        "end": {
          "line": 8,
          "column": 26
        }
      },
      "2": {
        "start": {
          "line": 9,
          "column": 18
        },
        "end": {
          "line": 16,
          "column": 1
        }
      },
      "3": {
        "start": {
          "line": 18,
          "column": 14
        },
        "end": {
          "line": 77,
          "column": 1
        }
      },
      "4": {
        "start": {
          "line": 79,
          "column": 19
        },
        "end": {
          "line": 79,
          "column": 21
        }
      },
      "5": {
        "start": {
          "line": 81,
          "column": 0
        },
        "end": {
          "line": 83,
          "column": 3
        }
      },
      "6": {
        "start": {
          "line": 82,
          "column": 2
        },
        "end": {
          "line": 82,
          "column": 37
        }
      },
      "7": {
        "start": {
          "line": 86,
          "column": 16
        },
        "end": {
          "line": 86,
          "column": 26
        }
      },
      "8": {
        "start": {
          "line": 87,
          "column": 38
        },
        "end": {
          "line": 87,
          "column": 100
        }
      },
      "9": {
        "start": {
          "line": 87,
          "column": 86
        },
        "end": {
          "line": 87,
          "column": 98
        }
      },
      "10": {
        "start": {
          "line": 88,
          "column": 40
        },
        "end": {
          "line": 88,
          "column": 75
        }
      },
      "11": {
        "start": {
          "line": 90,
          "column": 16
        },
        "end": {
          "line": 90,
          "column": 32
        }
      },
      "12": {
        "start": {
          "line": 91,
          "column": 23
        },
        "end": {
          "line": 91,
          "column": 41
        }
      },
      "13": {
        "start": {
          "line": 93,
          "column": 2
        },
        "end": {
          "line": 98,
          "column": 27
        }
      },
      "14": {
        "start": {
          "line": 94,
          "column": 4
        },
        "end": {
          "line": 97,
          "column": 5
        }
      },
      "15": {
        "start": {
          "line": 95,
          "column": 6
        },
        "end": {
          "line": 95,
          "column": 20
        }
      },
      "16": {
        "start": {
          "line": 96,
          "column": 6
        },
        "end": {
          "line": 96,
          "column": 27
        }
      },
      "17": {
        "start": {
          "line": 100,
          "column": 22
        },
        "end": {
          "line": 103,
          "column": 3
        }
      },
      "18": {
        "start": {
          "line": 101,
          "column": 4
        },
        "end": {
          "line": 101,
          "column": 22
        }
      },
      "19": {
        "start": {
          "line": 102,
          "column": 4
        },
        "end": {
          "line": 102,
          "column": 23
        }
      },
      "20": {
        "start": {
          "line": 105,
          "column": 23
        },
        "end": {
          "line": 124,
          "column": 3
        }
      },
      "21": {
        "start": {
          "line": 109,
          "column": 8
        },
        "end": {
          "line": 109,
          "column": 13
        }
      },
      "22": {
        "start": {
          "line": 111,
          "column": 24
        },
        "end": {
          "line": 111,
          "column": 26
        }
      },
      "23": {
        "start": {
          "line": 112,
          "column": 4
        },
        "end": {
          "line": 114,
          "column": 7
        }
      },
      "24": {
        "start": {
          "line": 113,
          "column": 6
        },
        "end": {
          "line": 113,
          "column": 43
        }
      },
      "25": {
        "start": {
          "line": 117,
          "column": 4
        },
        "end": {
          "line": 117,
          "column": 34
        }
      },
      "26": {
        "start": {
          "line": 120,
          "column": 4
        },
        "end": {
          "line": 122,
          "column": 6
        }
      },
      "27": {
        "start": {
          "line": 126,
          "column": 2
        },
        "end": {
          "line": 128,
          "column": 27
        }
      },
      "28": {
        "start": {
          "line": 127,
          "column": 4
        },
        "end": {
          "line": 127,
          "column": 28
        }
      },
      "29": {
        "start": {
          "line": 130,
          "column": 2
        },
        "end": {
          "line": 161,
          "column": 4
        }
      },
      "30": {
        "start": {
          "line": 142,
          "column": 12
        },
        "end": {
          "line": 144,
          "column": 13
        }
      },
      "31": {
        "start": {
          "line": 143,
          "column": 14
        },
        "end": {
          "line": 143,
          "column": 45
        }
      },
      "32": {
        "start": {
          "line": 146,
          "column": 12
        },
        "end": {
          "line": 146,
          "column": 39
        }
      },
      "33": {
        "start": {
          "line": 152,
          "column": 12
        },
        "end": {
          "line": 157,
          "column": 23
        }
      }
    },
    "fnMap": {
      "0": {
        "name": "(anonymous_0)",
        "decl": {
          "start": {
            "line": 81,
            "column": 14
          },
          "end": {
            "line": 81,
            "column": 15
          }
        },
        "loc": {
          "start": {
            "line": 81,
            "column": 37
          },
          "end": {
            "line": 83,
            "column": 1
          }
        },
        "line": 81
      },
      "1": {
        "name": "CountyDropdown",
        "decl": {
          "start": {
            "line": 85,
            "column": 24
          },
          "end": {
            "line": 85,
            "column": 38
          }
        },
        "loc": {
          "start": {
            "line": 85,
            "column": 46
          },
          "end": {
            "line": 162,
            "column": 1
          }
        },
        "line": 85
      },
      "2": {
        "name": "(anonymous_2)",
        "decl": {
          "start": {
            "line": 87,
            "column": 77
          },
          "end": {
            "line": 87,
            "column": 78
          }
        },
        "loc": {
          "start": {
            "line": 87,
            "column": 86
          },
          "end": {
            "line": 87,
            "column": 98
          }
        },
        "line": 87
      },
      "3": {
        "name": "(anonymous_3)",
        "decl": {
          "start": {
            "line": 93,
            "column": 18
          },
          "end": {
            "line": 93,
            "column": 19
          }
        },
        "loc": {
          "start": {
            "line": 93,
            "column": 24
          },
          "end": {
            "line": 98,
            "column": 3
          }
        },
        "line": 93
      },
      "4": {
        "name": "(anonymous_4)",
        "decl": {
          "start": {
            "line": 100,
            "column": 22
          },
          "end": {
            "line": 100,
            "column": 23
          }
        },
        "loc": {
          "start": {
            "line": 100,
            "column": 28
          },
          "end": {
            "line": 103,
            "column": 3
          }
        },
        "line": 100
      },
      "5": {
        "name": "(anonymous_5)",
        "decl": {
          "start": {
            "line": 105,
            "column": 23
          },
          "end": {
            "line": 105,
            "column": 24
          }
        },
        "loc": {
          "start": {
            "line": 105,
            "column": 34
          },
          "end": {
            "line": 124,
            "column": 3
          }
        },
        "line": 105
      },
      "6": {
        "name": "(anonymous_6)",
        "decl": {
          "start": {
            "line": 112,
            "column": 18
          },
          "end": {
            "line": 112,
            "column": 19
          }
        },
        "loc": {
          "start": {
            "line": 112,
            "column": 33
          },
          "end": {
            "line": 114,
            "column": 5
          }
        },
        "line": 112
      },
      "7": {
        "name": "(anonymous_7)",
        "decl": {
          "start": {
            "line": 126,
            "column": 18
          },
          "end": {
            "line": 126,
            "column": 19
          }
        },
        "loc": {
          "start": {
            "line": 126,
            "column": 24
          },
          "end": {
            "line": 128,
            "column": 3
          }
        },
        "line": 126
      },
      "8": {
        "name": "(anonymous_8)",
        "decl": {
          "start": {
            "line": 141,
            "column": 23
          },
          "end": {
            "line": 141,
            "column": 24
          }
        },
        "loc": {
          "start": {
            "line": 141,
            "column": 37
          },
          "end": {
            "line": 147,
            "column": 11
          }
        },
        "line": 141
      },
      "9": {
        "name": "(anonymous_9)",
        "decl": {
          "start": {
            "line": 151,
            "column": 21
          },
          "end": {
            "line": 151,
            "column": 22
          }
        },
        "loc": {
          "start": {
            "line": 152,
            "column": 12
          },
          "end": {
            "line": 157,
            "column": 23
          }
        },
        "line": 152
      }
    },
    "branchMap": {
      "0": {
        "loc": {
          "start": {
            "line": 94,
            "column": 4
          },
          "end": {
            "line": 97,
            "column": 5
          }
        },
        "type": "if",
        "locations": [
          {
            "start": {
              "line": 94,
              "column": 4
            },
            "end": {
              "line": 97,
              "column": 5
            }
          },
          {
            "start": {
              "line": 94,
              "column": 4
            },
            "end": {
              "line": 97,
              "column": 5
            }
          }
        ],
        "line": 94
      },
      "1": {
        "loc": {
          "start": {
            "line": 121,
            "column": 6
          },
          "end": {
            "line": 121,
            "column": 58
          }
        },
        "type": "cond-expr",
        "locations": [
          {
            "start": {
              "line": 121,
              "column": 34
            },
            "end": {
              "line": 121,
              "column": 50
            }
          },
          {
            "start": {
              "line": 121,
              "column": 53
            },
            "end": {
              "line": 121,
              "column": 58
            }
          }
        ],
        "line": 121
      },
      "2": {
        "loc": {
          "start": {
            "line": 142,
            "column": 12
          },
          "end": {
            "line": 144,
            "column": 13
          }
        },
        "type": "if",
        "locations": [
          {
            "start": {
              "line": 142,
              "column": 12
            },
            "end": {
              "line": 144,
              "column": 13
            }
          },
          {
            "start": {
              "line": 142,
              "column": 12
            },
            "end": {
              "line": 144,
              "column": 13
            }
          }
        ],
        "line": 142
      }
    },
    "s": {
      "0": 27,
      "1": 27,
      "2": 27,
      "3": 27,
      "4": 27,
      "5": 27,
      "6": 1566,
      "7": 41,
      "8": 41,
      "9": 18,
      "10": 41,
      "11": 41,
      "12": 41,
      "13": 41,
      "14": 15,
      "15": 1,
      "16": 1,
      "17": 41,
      "18": 1,
      "19": 1,
      "20": 41,
      "21": 7,
      "22": 7,
      "23": 7,
      "24": 10,
      "25": 7,
      "26": 7,
      "27": 41,
      "28": 41,
      "29": 41,
      "30": 30,
      "31": 0,
      "32": 30,
      "33": 2378
    },
    "f": {
      "0": 1566,
      "1": 41,
      "2": 18,
      "3": 15,
      "4": 1,
      "5": 7,
      "6": 10,
      "7": 41,
      "8": 30,
      "9": 2378
    },
    "b": {
      "0": [
        1,
        14
      ],
      "1": [
        0,
        7
      ],
      "2": [
        0,
        30
      ]
    },
    "_coverageSchema": "1a1c01bbd47fc00a2c39e90264f33305004495a9",
    "hash": "340c86f8fdd87040d42214a02fd31f68fa66c378"
  },
  "/Users/jzhang/Downloads/ECS193/pesticide-noi-project/src/components/filter/DateDistanceFilter.jsx": {
    "path": "/Users/jzhang/Downloads/ECS193/pesticide-noi-project/src/components/filter/DateDistanceFilter.jsx",
    "statementMap": {
      "0": {
        "start": {
          "line": 8,
          "column": 20
        },
        "end": {
          "line": 8,
          "column": 22
        }
      },
      "1": {
        "start": {
          "line": 9,
          "column": 25
        },
        "end": {
          "line": 9,
          "column": 26
        }
      },
      "2": {
        "start": {
          "line": 10,
          "column": 18
        },
        "end": {
          "line": 17,
          "column": 1
        }
      },
      "3": {
        "start": {
          "line": 19,
          "column": 14
        },
        "end": {
          "line": 22,
          "column": 1
        }
      },
      "4": {
        "start": {
          "line": 25,
          "column": 16
        },
        "end": {
          "line": 25,
          "column": 32
        }
      },
      "5": {
        "start": {
          "line": 26,
          "column": 22
        },
        "end": {
          "line": 26,
          "column": 40
        }
      },
      "6": {
        "start": {
          "line": 28,
          "column": 52
        },
        "end": {
          "line": 28,
          "column": 86
        }
      },
      "7": {
        "start": {
          "line": 31,
          "column": 2
        },
        "end": {
          "line": 36,
          "column": 27
        }
      },
      "8": {
        "start": {
          "line": 32,
          "column": 4
        },
        "end": {
          "line": 35,
          "column": 5
        }
      },
      "9": {
        "start": {
          "line": 33,
          "column": 6
        },
        "end": {
          "line": 33,
          "column": 20
        }
      },
      "10": {
        "start": {
          "line": 34,
          "column": 6
        },
        "end": {
          "line": 34,
          "column": 27
        }
      },
      "11": {
        "start": {
          "line": 38,
          "column": 22
        },
        "end": {
          "line": 40,
          "column": 3
        }
      },
      "12": {
        "start": {
          "line": 39,
          "column": 4
        },
        "end": {
          "line": 39,
          "column": 29
        }
      },
      "13": {
        "start": {
          "line": 42,
          "column": 23
        },
        "end": {
          "line": 44,
          "column": 3
        }
      },
      "14": {
        "start": {
          "line": 43,
          "column": 4
        },
        "end": {
          "line": 43,
          "column": 45
        }
      },
      "15": {
        "start": {
          "line": 46,
          "column": 2
        },
        "end": {
          "line": 48,
          "column": 33
        }
      },
      "16": {
        "start": {
          "line": 47,
          "column": 4
        },
        "end": {
          "line": 47,
          "column": 34
        }
      },
      "17": {
        "start": {
          "line": 50,
          "column": 2
        },
        "end": {
          "line": 74,
          "column": 4
        }
      },
      "18": {
        "start": {
          "line": 64,
          "column": 10
        },
        "end": {
          "line": 70,
          "column": 21
        }
      }
    },
    "fnMap": {
      "0": {
        "name": "DateDistanceFilter",
        "decl": {
          "start": {
            "line": 24,
            "column": 24
          },
          "end": {
            "line": 24,
            "column": 42
          }
        },
        "loc": {
          "start": {
            "line": 24,
            "column": 50
          },
          "end": {
            "line": 75,
            "column": 1
          }
        },
        "line": 24
      },
      "1": {
        "name": "(anonymous_1)",
        "decl": {
          "start": {
            "line": 31,
            "column": 18
          },
          "end": {
            "line": 31,
            "column": 19
          }
        },
        "loc": {
          "start": {
            "line": 31,
            "column": 24
          },
          "end": {
            "line": 36,
            "column": 3
          }
        },
        "line": 31
      },
      "2": {
        "name": "(anonymous_2)",
        "decl": {
          "start": {
            "line": 38,
            "column": 22
          },
          "end": {
            "line": 38,
            "column": 23
          }
        },
        "loc": {
          "start": {
            "line": 38,
            "column": 28
          },
          "end": {
            "line": 40,
            "column": 3
          }
        },
        "line": 38
      },
      "3": {
        "name": "(anonymous_3)",
        "decl": {
          "start": {
            "line": 42,
            "column": 23
          },
          "end": {
            "line": 42,
            "column": 24
          }
        },
        "loc": {
          "start": {
            "line": 42,
            "column": 34
          },
          "end": {
            "line": 44,
            "column": 3
          }
        },
        "line": 42
      },
      "4": {
        "name": "(anonymous_4)",
        "decl": {
          "start": {
            "line": 46,
            "column": 18
          },
          "end": {
            "line": 46,
            "column": 19
          }
        },
        "loc": {
          "start": {
            "line": 46,
            "column": 24
          },
          "end": {
            "line": 48,
            "column": 3
          }
        },
        "line": 46
      },
      "5": {
        "name": "(anonymous_5)",
        "decl": {
          "start": {
            "line": 63,
            "column": 19
          },
          "end": {
            "line": 63,
            "column": 20
          }
        },
        "loc": {
          "start": {
            "line": 64,
            "column": 10
          },
          "end": {
            "line": 70,
            "column": 21
          }
        },
        "line": 64
      }
    },
    "branchMap": {
      "0": {
        "loc": {
          "start": {
            "line": 32,
            "column": 4
          },
          "end": {
            "line": 35,
            "column": 5
          }
        },
        "type": "if",
        "locations": [
          {
            "start": {
              "line": 32,
              "column": 4
            },
            "end": {
              "line": 35,
              "column": 5
            }
          },
          {
            "start": {
              "line": 32,
              "column": 4
            },
            "end": {
              "line": 35,
              "column": 5
            }
          }
        ],
        "line": 32
      }
    },
    "s": {
      "0": 27,
      "1": 27,
      "2": 27,
      "3": 27,
      "4": 37,
      "5": 37,
      "6": 37,
      "7": 37,
      "8": 15,
      "9": 1,
      "10": 1,
      "11": 37,
      "12": 1,
      "13": 37,
      "14": 3,
      "15": 37,
      "16": 37,
      "17": 37,
      "18": 74
    },
    "f": {
      "0": 37,
      "1": 15,
      "2": 1,
      "3": 3,
      "4": 37,
      "5": 74
    },
    "b": {
      "0": [
        1,
        14
      ]
    },
    "_coverageSchema": "1a1c01bbd47fc00a2c39e90264f33305004495a9",
    "hash": "727d050e8168f8e1d030a8853283908ff714f67b"
  },
  "/Users/jzhang/Downloads/ECS193/pesticide-noi-project/src/components/filter/DateRangeFilter.jsx": {
    "path": "/Users/jzhang/Downloads/ECS193/pesticide-noi-project/src/components/filter/DateRangeFilter.jsx",
    "statementMap": {
      "0": {
        "start": {
          "line": 9,
          "column": 16
        },
        "end": {
          "line": 9,
          "column": 32
        }
      },
      "1": {
        "start": {
          "line": 11,
          "column": 21
        },
        "end": {
          "line": 11,
          "column": 36
        }
      },
      "2": {
        "start": {
          "line": 12,
          "column": 19
        },
        "end": {
          "line": 12,
          "column": 32
        }
      },
      "3": {
        "start": {
          "line": 14,
          "column": 36
        },
        "end": {
          "line": 14,
          "column": 56
        }
      },
      "4": {
        "start": {
          "line": 15,
          "column": 32
        },
        "end": {
          "line": 15,
          "column": 52
        }
      },
      "5": {
        "start": {
          "line": 16,
          "column": 28
        },
        "end": {
          "line": 16,
          "column": 48
        }
      },
      "6": {
        "start": {
          "line": 18,
          "column": 2
        },
        "end": {
          "line": 23,
          "column": 26
        }
      },
      "7": {
        "start": {
          "line": 19,
          "column": 4
        },
        "end": {
          "line": 22,
          "column": 5
        }
      },
      "8": {
        "start": {
          "line": 20,
          "column": 6
        },
        "end": {
          "line": 20,
          "column": 20
        }
      },
      "9": {
        "start": {
          "line": 21,
          "column": 6
        },
        "end": {
          "line": 21,
          "column": 27
        }
      },
      "10": {
        "start": {
          "line": 25,
          "column": 22
        },
        "end": {
          "line": 28,
          "column": 3
        }
      },
      "11": {
        "start": {
          "line": 26,
          "column": 4
        },
        "end": {
          "line": 26,
          "column": 23
        }
      },
      "12": {
        "start": {
          "line": 27,
          "column": 4
        },
        "end": {
          "line": 27,
          "column": 21
        }
      },
      "13": {
        "start": {
          "line": 30,
          "column": 26
        },
        "end": {
          "line": 32,
          "column": 3
        }
      },
      "14": {
        "start": {
          "line": 31,
          "column": 4
        },
        "end": {
          "line": 31,
          "column": 27
        }
      },
      "15": {
        "start": {
          "line": 34,
          "column": 24
        },
        "end": {
          "line": 36,
          "column": 3
        }
      },
      "16": {
        "start": {
          "line": 35,
          "column": 4
        },
        "end": {
          "line": 35,
          "column": 25
        }
      },
      "17": {
        "start": {
          "line": 38,
          "column": 23
        },
        "end": {
          "line": 48,
          "column": 13
        }
      },
      "18": {
        "start": {
          "line": 39,
          "column": 4
        },
        "end": {
          "line": 47,
          "column": 5
        }
      },
      "19": {
        "start": {
          "line": 41,
          "column": 8
        },
        "end": {
          "line": 41,
          "column": 30
        }
      },
      "20": {
        "start": {
          "line": 45,
          "column": 8
        },
        "end": {
          "line": 45,
          "column": 18
        }
      },
      "21": {
        "start": {
          "line": 50,
          "column": 2
        },
        "end": {
          "line": 55,
          "column": 34
        }
      },
      "22": {
        "start": {
          "line": 52,
          "column": 4
        },
        "end": {
          "line": 52,
          "column": 37
        }
      },
      "23": {
        "start": {
          "line": 53,
          "column": 4
        },
        "end": {
          "line": 53,
          "column": 33
        }
      },
      "24": {
        "start": {
          "line": 57,
          "column": 2
        },
        "end": {
          "line": 86,
          "column": 4
        }
      },
      "25": {
        "start": {
          "line": 75,
          "column": 35
        },
        "end": {
          "line": 75,
          "column": 53
        }
      }
    },
    "fnMap": {
      "0": {
        "name": "DateRangeFilter",
        "decl": {
          "start": {
            "line": 8,
            "column": 24
          },
          "end": {
            "line": 8,
            "column": 39
          }
        },
        "loc": {
          "start": {
            "line": 8,
            "column": 47
          },
          "end": {
            "line": 87,
            "column": 1
          }
        },
        "line": 8
      },
      "1": {
        "name": "(anonymous_1)",
        "decl": {
          "start": {
            "line": 18,
            "column": 18
          },
          "end": {
            "line": 18,
            "column": 19
          }
        },
        "loc": {
          "start": {
            "line": 18,
            "column": 24
          },
          "end": {
            "line": 23,
            "column": 3
          }
        },
        "line": 18
      },
      "2": {
        "name": "(anonymous_2)",
        "decl": {
          "start": {
            "line": 25,
            "column": 22
          },
          "end": {
            "line": 25,
            "column": 23
          }
        },
        "loc": {
          "start": {
            "line": 25,
            "column": 28
          },
          "end": {
            "line": 28,
            "column": 3
          }
        },
        "line": 25
      },
      "3": {
        "name": "(anonymous_3)",
        "decl": {
          "start": {
            "line": 30,
            "column": 26
          },
          "end": {
            "line": 30,
            "column": 27
          }
        },
        "loc": {
          "start": {
            "line": 30,
            "column": 40
          },
          "end": {
            "line": 32,
            "column": 3
          }
        },
        "line": 30
      },
      "4": {
        "name": "(anonymous_4)",
        "decl": {
          "start": {
            "line": 34,
            "column": 24
          },
          "end": {
            "line": 34,
            "column": 25
          }
        },
        "loc": {
          "start": {
            "line": 34,
            "column": 38
          },
          "end": {
            "line": 36,
            "column": 3
          }
        },
        "line": 34
      },
      "5": {
        "name": "(anonymous_5)",
        "decl": {
          "start": {
            "line": 38,
            "column": 37
          },
          "end": {
            "line": 38,
            "column": 38
          }
        },
        "loc": {
          "start": {
            "line": 38,
            "column": 43
          },
          "end": {
            "line": 48,
            "column": 3
          }
        },
        "line": 38
      },
      "6": {
        "name": "(anonymous_6)",
        "decl": {
          "start": {
            "line": 50,
            "column": 18
          },
          "end": {
            "line": 50,
            "column": 19
          }
        },
        "loc": {
          "start": {
            "line": 50,
            "column": 24
          },
          "end": {
            "line": 55,
            "column": 3
          }
        },
        "line": 50
      },
      "7": {
        "name": "(anonymous_7)",
        "decl": {
          "start": {
            "line": 75,
            "column": 21
          },
          "end": {
            "line": 75,
            "column": 22
          }
        },
        "loc": {
          "start": {
            "line": 75,
            "column": 35
          },
          "end": {
            "line": 75,
            "column": 53
          }
        },
        "line": 75
      }
    },
    "branchMap": {
      "0": {
        "loc": {
          "start": {
            "line": 19,
            "column": 4
          },
          "end": {
            "line": 22,
            "column": 5
          }
        },
        "type": "if",
        "locations": [
          {
            "start": {
              "line": 19,
              "column": 4
            },
            "end": {
              "line": 22,
              "column": 5
            }
          },
          {
            "start": {
              "line": 19,
              "column": 4
            },
            "end": {
              "line": 22,
              "column": 5
            }
          }
        ],
        "line": 19
      },
      "1": {
        "loc": {
          "start": {
            "line": 39,
            "column": 4
          },
          "end": {
            "line": 47,
            "column": 5
          }
        },
        "type": "switch",
        "locations": [
          {
            "start": {
              "line": 40,
              "column": 6
            },
            "end": {
              "line": 42,
              "column": 7
            }
          },
          {
            "start": {
              "line": 44,
              "column": 6
            },
            "end": {
              "line": 46,
              "column": 7
            }
          }
        ],
        "line": 39
      }
    },
    "s": {
      "0": 34,
      "1": 34,
      "2": 34,
      "3": 34,
      "4": 34,
      "5": 34,
      "6": 34,
      "7": 15,
      "8": 1,
      "9": 1,
      "10": 34,
      "11": 1,
      "12": 1,
      "13": 34,
      "14": 0,
      "15": 34,
      "16": 0,
      "17": 34,
      "18": 13,
      "19": 0,
      "20": 13,
      "21": 34,
      "22": 34,
      "23": 34,
      "24": 34,
      "25": 0
    },
    "f": {
      "0": 34,
      "1": 15,
      "2": 1,
      "3": 0,
      "4": 0,
      "5": 13,
      "6": 34,
      "7": 0
    },
    "b": {
      "0": [
        1,
        14
      ],
      "1": [
        0,
        13
      ]
    },
    "_coverageSchema": "1a1c01bbd47fc00a2c39e90264f33305004495a9",
    "hash": "10b0221568ef3c85d95d3e244c3454c335f45e2b"
  },
  "/Users/jzhang/Downloads/ECS193/pesticide-noi-project/src/components/filter/FumigantFilter.jsx": {
    "path": "/Users/jzhang/Downloads/ECS193/pesticide-noi-project/src/components/filter/FumigantFilter.jsx",
    "statementMap": {
      "0": {
        "start": {
          "line": 7,
          "column": 16
        },
        "end": {
          "line": 7,
          "column": 32
        }
      },
      "1": {
        "start": {
          "line": 8,
          "column": 25
        },
        "end": {
          "line": 8,
          "column": 38
        }
      },
      "2": {
        "start": {
          "line": 10,
          "column": 32
        },
        "end": {
          "line": 10,
          "column": 69
        }
      },
      "3": {
        "start": {
          "line": 12,
          "column": 2
        },
        "end": {
          "line": 17,
          "column": 26
        }
      },
      "4": {
        "start": {
          "line": 13,
          "column": 4
        },
        "end": {
          "line": 16,
          "column": 5
        }
      },
      "5": {
        "start": {
          "line": 14,
          "column": 6
        },
        "end": {
          "line": 14,
          "column": 20
        }
      },
      "6": {
        "start": {
          "line": 15,
          "column": 6
        },
        "end": {
          "line": 15,
          "column": 27
        }
      },
      "7": {
        "start": {
          "line": 19,
          "column": 22
        },
        "end": {
          "line": 21,
          "column": 3
        }
      },
      "8": {
        "start": {
          "line": 20,
          "column": 4
        },
        "end": {
          "line": 20,
          "column": 22
        }
      },
      "9": {
        "start": {
          "line": 23,
          "column": 23
        },
        "end": {
          "line": 25,
          "column": 3
        }
      },
      "10": {
        "start": {
          "line": 24,
          "column": 4
        },
        "end": {
          "line": 24,
          "column": 37
        }
      },
      "11": {
        "start": {
          "line": 27,
          "column": 2
        },
        "end": {
          "line": 29,
          "column": 23
        }
      },
      "12": {
        "start": {
          "line": 28,
          "column": 4
        },
        "end": {
          "line": 28,
          "column": 24
        }
      },
      "13": {
        "start": {
          "line": 31,
          "column": 2
        },
        "end": {
          "line": 41,
          "column": 4
        }
      }
    },
    "fnMap": {
      "0": {
        "name": "FumigantFilter",
        "decl": {
          "start": {
            "line": 6,
            "column": 24
          },
          "end": {
            "line": 6,
            "column": 38
          }
        },
        "loc": {
          "start": {
            "line": 6,
            "column": 46
          },
          "end": {
            "line": 42,
            "column": 1
          }
        },
        "line": 6
      },
      "1": {
        "name": "(anonymous_1)",
        "decl": {
          "start": {
            "line": 12,
            "column": 18
          },
          "end": {
            "line": 12,
            "column": 19
          }
        },
        "loc": {
          "start": {
            "line": 12,
            "column": 24
          },
          "end": {
            "line": 17,
            "column": 3
          }
        },
        "line": 12
      },
      "2": {
        "name": "(anonymous_2)",
        "decl": {
          "start": {
            "line": 19,
            "column": 22
          },
          "end": {
            "line": 19,
            "column": 23
          }
        },
        "loc": {
          "start": {
            "line": 19,
            "column": 28
          },
          "end": {
            "line": 21,
            "column": 3
          }
        },
        "line": 19
      },
      "3": {
        "name": "(anonymous_3)",
        "decl": {
          "start": {
            "line": 23,
            "column": 23
          },
          "end": {
            "line": 23,
            "column": 24
          }
        },
        "loc": {
          "start": {
            "line": 23,
            "column": 34
          },
          "end": {
            "line": 25,
            "column": 3
          }
        },
        "line": 23
      },
      "4": {
        "name": "(anonymous_4)",
        "decl": {
          "start": {
            "line": 27,
            "column": 18
          },
          "end": {
            "line": 27,
            "column": 19
          }
        },
        "loc": {
          "start": {
            "line": 27,
            "column": 24
          },
          "end": {
            "line": 29,
            "column": 3
          }
        },
        "line": 27
      }
    },
    "branchMap": {
      "0": {
        "loc": {
          "start": {
            "line": 13,
            "column": 4
          },
          "end": {
            "line": 16,
            "column": 5
          }
        },
        "type": "if",
        "locations": [
          {
            "start": {
              "line": 13,
              "column": 4
            },
            "end": {
              "line": 16,
              "column": 5
            }
          },
          {
            "start": {
              "line": 13,
              "column": 4
            },
            "end": {
              "line": 16,
              "column": 5
            }
          }
        ],
        "line": 13
      }
    },
    "s": {
      "0": 35,
      "1": 35,
      "2": 35,
      "3": 35,
      "4": 15,
      "5": 1,
      "6": 1,
      "7": 35,
      "8": 1,
      "9": 35,
      "10": 1,
      "11": 35,
      "12": 35,
      "13": 35
    },
    "f": {
      "0": 35,
      "1": 15,
      "2": 1,
      "3": 1,
      "4": 35
    },
    "b": {
      "0": [
        1,
        14
      ]
    },
    "_coverageSchema": "1a1c01bbd47fc00a2c39e90264f33305004495a9",
    "hash": "3771a4b64135235a5ec4f6e4c8294e04a0384c45"
  },
  "/Users/jzhang/Downloads/ECS193/pesticide-noi-project/src/components/filter/RadiusFilter.jsx": {
    "path": "/Users/jzhang/Downloads/ECS193/pesticide-noi-project/src/components/filter/RadiusFilter.jsx",
    "statementMap": {
      "0": {
        "start": {
          "line": 7,
          "column": 20
        },
        "end": {
          "line": 7,
          "column": 22
        }
      },
      "1": {
        "start": {
          "line": 8,
          "column": 25
        },
        "end": {
          "line": 8,
          "column": 26
        }
      },
      "2": {
        "start": {
          "line": 9,
          "column": 18
        },
        "end": {
          "line": 16,
          "column": 1
        }
      },
      "3": {
        "start": {
          "line": 18,
          "column": 20
        },
        "end": {
          "line": 31,
          "column": 1
        }
      },
      "4": {
        "start": {
          "line": 34,
          "column": 2
        },
        "end": {
          "line": 36,
          "column": 4
        }
      },
      "5": {
        "start": {
          "line": 40,
          "column": 16
        },
        "end": {
          "line": 40,
          "column": 32
        }
      },
      "6": {
        "start": {
          "line": 41,
          "column": 23
        },
        "end": {
          "line": 41,
          "column": 38
        }
      },
      "7": {
        "start": {
          "line": 43,
          "column": 16
        },
        "end": {
          "line": 43,
          "column": 26
        }
      },
      "8": {
        "start": {
          "line": 44,
          "column": 30
        },
        "end": {
          "line": 44,
          "column": 58
        }
      },
      "9": {
        "start": {
          "line": 46,
          "column": 23
        },
        "end": {
          "line": 48,
          "column": 3
        }
      },
      "10": {
        "start": {
          "line": 47,
          "column": 4
        },
        "end": {
          "line": 47,
          "column": 34
        }
      },
      "11": {
        "start": {
          "line": 50,
          "column": 2
        },
        "end": {
          "line": 52,
          "column": 22
        }
      },
      "12": {
        "start": {
          "line": 51,
          "column": 4
        },
        "end": {
          "line": 51,
          "column": 23
        }
      },
      "13": {
        "start": {
          "line": 54,
          "column": 2
        },
        "end": {
          "line": 77,
          "column": 4
        }
      },
      "14": {
        "start": {
          "line": 67,
          "column": 10
        },
        "end": {
          "line": 73,
          "column": 21
        }
      }
    },
    "fnMap": {
      "0": {
        "name": "getStyles",
        "decl": {
          "start": {
            "line": 33,
            "column": 9
          },
          "end": {
            "line": 33,
            "column": 18
          }
        },
        "loc": {
          "start": {
            "line": 33,
            "column": 26
          },
          "end": {
            "line": 37,
            "column": 1
          }
        },
        "line": 33
      },
      "1": {
        "name": "RadiusFilter",
        "decl": {
          "start": {
            "line": 39,
            "column": 24
          },
          "end": {
            "line": 39,
            "column": 36
          }
        },
        "loc": {
          "start": {
            "line": 39,
            "column": 44
          },
          "end": {
            "line": 78,
            "column": 1
          }
        },
        "line": 39
      },
      "2": {
        "name": "(anonymous_2)",
        "decl": {
          "start": {
            "line": 46,
            "column": 23
          },
          "end": {
            "line": 46,
            "column": 24
          }
        },
        "loc": {
          "start": {
            "line": 46,
            "column": 34
          },
          "end": {
            "line": 48,
            "column": 3
          }
        },
        "line": 46
      },
      "3": {
        "name": "(anonymous_3)",
        "decl": {
          "start": {
            "line": 50,
            "column": 18
          },
          "end": {
            "line": 50,
            "column": 19
          }
        },
        "loc": {
          "start": {
            "line": 50,
            "column": 24
          },
          "end": {
            "line": 52,
            "column": 3
          }
        },
        "line": 50
      },
      "4": {
        "name": "(anonymous_4)",
        "decl": {
          "start": {
            "line": 66,
            "column": 25
          },
          "end": {
            "line": 66,
            "column": 26
          }
        },
        "loc": {
          "start": {
            "line": 67,
            "column": 10
          },
          "end": {
            "line": 73,
            "column": 21
          }
        },
        "line": 67
      }
    },
    "branchMap": {},
    "s": {
      "0": 27,
      "1": 27,
      "2": 27,
      "3": 27,
      "4": 108,
      "5": 36,
      "6": 36,
      "7": 36,
      "8": 36,
      "9": 36,
      "10": 0,
      "11": 36,
      "12": 36,
      "13": 36,
      "14": 108
    },
    "f": {
      "0": 108,
      "1": 36,
      "2": 0,
      "3": 36,
      "4": 108
    },
    "b": {},
    "_coverageSchema": "1a1c01bbd47fc00a2c39e90264f33305004495a9",
    "hash": "dad179d224a286d1f7ac3b872c09a2c7e3b5179b"
  },
  "/Users/jzhang/Downloads/ECS193/pesticide-noi-project/src/components/filter/MapDistanceFilter.jsx": {
    "path": "/Users/jzhang/Downloads/ECS193/pesticide-noi-project/src/components/filter/MapDistanceFilter.jsx",
    "statementMap": {
      "0": {
        "start": {
          "line": 8,
          "column": 20
        },
        "end": {
          "line": 8,
          "column": 22
        }
      },
      "1": {
        "start": {
          "line": 9,
          "column": 25
        },
        "end": {
          "line": 9,
          "column": 26
        }
      },
      "2": {
        "start": {
          "line": 10,
          "column": 18
        },
        "end": {
          "line": 17,
          "column": 1
        }
      },
      "3": {
        "start": {
          "line": 19,
          "column": 14
        },
        "end": {
          "line": 22,
          "column": 1
        }
      },
      "4": {
        "start": {
          "line": 26,
          "column": 2
        },
        "end": {
          "line": 31,
          "column": 4
        }
      },
      "5": {
        "start": {
          "line": 35,
          "column": 16
        },
        "end": {
          "line": 35,
          "column": 32
        }
      },
      "6": {
        "start": {
          "line": 36,
          "column": 22
        },
        "end": {
          "line": 36,
          "column": 40
        }
      },
      "7": {
        "start": {
          "line": 38,
          "column": 16
        },
        "end": {
          "line": 38,
          "column": 26
        }
      },
      "8": {
        "start": {
          "line": 39,
          "column": 52
        },
        "end": {
          "line": 39,
          "column": 87
        }
      },
      "9": {
        "start": {
          "line": 41,
          "column": 23
        },
        "end": {
          "line": 43,
          "column": 3
        }
      },
      "10": {
        "start": {
          "line": 42,
          "column": 4
        },
        "end": {
          "line": 42,
          "column": 45
        }
      },
      "11": {
        "start": {
          "line": 45,
          "column": 2
        },
        "end": {
          "line": 47,
          "column": 33
        }
      },
      "12": {
        "start": {
          "line": 46,
          "column": 4
        },
        "end": {
          "line": 46,
          "column": 34
        }
      },
      "13": {
        "start": {
          "line": 49,
          "column": 2
        },
        "end": {
          "line": 72,
          "column": 4
        }
      },
      "14": {
        "start": {
          "line": 62,
          "column": 10
        },
        "end": {
          "line": 68,
          "column": 21
        }
      }
    },
    "fnMap": {
      "0": {
        "name": "getStyles",
        "decl": {
          "start": {
            "line": 24,
            "column": 9
          },
          "end": {
            "line": 24,
            "column": 18
          }
        },
        "loc": {
          "start": {
            "line": 24,
            "column": 51
          },
          "end": {
            "line": 32,
            "column": 1
          }
        },
        "line": 24
      },
      "1": {
        "name": "MapDistanceFilter",
        "decl": {
          "start": {
            "line": 34,
            "column": 24
          },
          "end": {
            "line": 34,
            "column": 41
          }
        },
        "loc": {
          "start": {
            "line": 34,
            "column": 49
          },
          "end": {
            "line": 73,
            "column": 1
          }
        },
        "line": 34
      },
      "2": {
        "name": "(anonymous_2)",
        "decl": {
          "start": {
            "line": 41,
            "column": 23
          },
          "end": {
            "line": 41,
            "column": 24
          }
        },
        "loc": {
          "start": {
            "line": 41,
            "column": 34
          },
          "end": {
            "line": 43,
            "column": 3
          }
        },
        "line": 41
      },
      "3": {
        "name": "(anonymous_3)",
        "decl": {
          "start": {
            "line": 45,
            "column": 18
          },
          "end": {
            "line": 45,
            "column": 19
          }
        },
        "loc": {
          "start": {
            "line": 45,
            "column": 24
          },
          "end": {
            "line": 47,
            "column": 3
          }
        },
        "line": 45
      },
      "4": {
        "name": "(anonymous_4)",
        "decl": {
          "start": {
            "line": 61,
            "column": 19
          },
          "end": {
            "line": 61,
            "column": 20
          }
        },
        "loc": {
          "start": {
            "line": 62,
            "column": 10
          },
          "end": {
            "line": 68,
            "column": 21
          }
        },
        "line": 62
      }
    },
    "branchMap": {
      "0": {
        "loc": {
          "start": {
            "line": 28,
            "column": 4
          },
          "end": {
            "line": 30,
            "column": 43
          }
        },
        "type": "cond-expr",
        "locations": [
          {
            "start": {
              "line": 29,
              "column": 10
            },
            "end": {
              "line": 29,
              "column": 44
            }
          },
          {
            "start": {
              "line": 30,
              "column": 10
            },
            "end": {
              "line": 30,
              "column": 43
            }
          }
        ],
        "line": 28
      }
    },
    "s": {
      "0": 27,
      "1": 27,
      "2": 27,
      "3": 27,
      "4": 0,
      "5": 36,
      "6": 36,
      "7": 36,
      "8": 36,
      "9": 36,
      "10": 0,
      "11": 36,
      "12": 36,
      "13": 36,
      "14": 72
    },
    "f": {
      "0": 0,
      "1": 36,
      "2": 0,
      "3": 36,
      "4": 72
    },
    "b": {
      "0": [
        0,
        0
      ]
    },
    "_coverageSchema": "1a1c01bbd47fc00a2c39e90264f33305004495a9",
    "hash": "d78b6c0ae92ddb1951a8c8129caa84d39ff7a665"
  },
  "/Users/jzhang/Downloads/ECS193/pesticide-noi-project/src/components/filter/index.js": {
    "path": "/Users/jzhang/Downloads/ECS193/pesticide-noi-project/src/components/filter/index.js",
    "statementMap": {},
    "fnMap": {},
    "branchMap": {},
    "s": {},
    "f": {},
    "b": {},
    "_coverageSchema": "1a1c01bbd47fc00a2c39e90264f33305004495a9",
    "hash": "351660ab9f1e01fe0d025ba39eef4d1e68659daa"
  },
  "/Users/jzhang/Downloads/ECS193/pesticide-noi-project/src/components/Filters.jsx": {
    "path": "/Users/jzhang/Downloads/ECS193/pesticide-noi-project/src/components/Filters.jsx",
    "statementMap": {
      "0": {
        "start": {
          "line": 9,
          "column": 16
        },
        "end": {
          "line": 122,
          "column": 1
        }
      },
      "1": {
        "start": {
          "line": 10,
          "column": 16
        },
        "end": {
          "line": 10,
          "column": 32
        }
      },
      "2": {
        "start": {
          "line": 11,
          "column": 24
        },
        "end": {
          "line": 11,
          "column": 38
        }
      },
      "3": {
        "start": {
          "line": 12,
          "column": 42
        },
        "end": {
          "line": 12,
          "column": 63
        }
      },
      "4": {
        "start": {
          "line": 14,
          "column": 21
        },
        "end": {
          "line": 16,
          "column": 3
        }
      },
      "5": {
        "start": {
          "line": 15,
          "column": 4
        },
        "end": {
          "line": 15,
          "column": 29
        }
      },
      "6": {
        "start": {
          "line": 18,
          "column": 20
        },
        "end": {
          "line": 20,
          "column": 3
        }
      },
      "7": {
        "start": {
          "line": 19,
          "column": 4
        },
        "end": {
          "line": 19,
          "column": 27
        }
      },
      "8": {
        "start": {
          "line": 22,
          "column": 23
        },
        "end": {
          "line": 24,
          "column": 3
        }
      },
      "9": {
        "start": {
          "line": 23,
          "column": 4
        },
        "end": {
          "line": 23,
          "column": 33
        }
      },
      "10": {
        "start": {
          "line": 25,
          "column": 28
        },
        "end": {
          "line": 27,
          "column": 3
        }
      },
      "11": {
        "start": {
          "line": 26,
          "column": 4
        },
        "end": {
          "line": 26,
          "column": 42
        }
      },
      "12": {
        "start": {
          "line": 29,
          "column": 25
        },
        "end": {
          "line": 31,
          "column": 3
        }
      },
      "13": {
        "start": {
          "line": 30,
          "column": 4
        },
        "end": {
          "line": 30,
          "column": 36
        }
      },
      "14": {
        "start": {
          "line": 33,
          "column": 23
        },
        "end": {
          "line": 35,
          "column": 3
        }
      },
      "15": {
        "start": {
          "line": 34,
          "column": 4
        },
        "end": {
          "line": 34,
          "column": 32
        }
      },
      "16": {
        "start": {
          "line": 37,
          "column": 26
        },
        "end": {
          "line": 39,
          "column": 3
        }
      },
      "17": {
        "start": {
          "line": 38,
          "column": 4
        },
        "end": {
          "line": 38,
          "column": 26
        }
      },
      "18": {
        "start": {
          "line": 41,
          "column": 23
        },
        "end": {
          "line": 43,
          "column": 3
        }
      },
      "19": {
        "start": {
          "line": 42,
          "column": 4
        },
        "end": {
          "line": 42,
          "column": 27
        }
      },
      "20": {
        "start": {
          "line": 45,
          "column": 2
        },
        "end": {
          "line": 121,
          "column": 4
        }
      }
    },
    "fnMap": {
      "0": {
        "name": "(anonymous_0)",
        "decl": {
          "start": {
            "line": 9,
            "column": 16
          },
          "end": {
            "line": 9,
            "column": 17
          }
        },
        "loc": {
          "start": {
            "line": 9,
            "column": 27
          },
          "end": {
            "line": 122,
            "column": 1
          }
        },
        "line": 9
      },
      "1": {
        "name": "(anonymous_1)",
        "decl": {
          "start": {
            "line": 14,
            "column": 21
          },
          "end": {
            "line": 14,
            "column": 22
          }
        },
        "loc": {
          "start": {
            "line": 14,
            "column": 33
          },
          "end": {
            "line": 16,
            "column": 3
          }
        },
        "line": 14
      },
      "2": {
        "name": "(anonymous_2)",
        "decl": {
          "start": {
            "line": 18,
            "column": 20
          },
          "end": {
            "line": 18,
            "column": 21
          }
        },
        "loc": {
          "start": {
            "line": 18,
            "column": 31
          },
          "end": {
            "line": 20,
            "column": 3
          }
        },
        "line": 18
      },
      "3": {
        "name": "(anonymous_3)",
        "decl": {
          "start": {
            "line": 22,
            "column": 23
          },
          "end": {
            "line": 22,
            "column": 24
          }
        },
        "loc": {
          "start": {
            "line": 22,
            "column": 37
          },
          "end": {
            "line": 24,
            "column": 3
          }
        },
        "line": 22
      },
      "4": {
        "name": "(anonymous_4)",
        "decl": {
          "start": {
            "line": 25,
            "column": 28
          },
          "end": {
            "line": 25,
            "column": 29
          }
        },
        "loc": {
          "start": {
            "line": 25,
            "column": 46
          },
          "end": {
            "line": 27,
            "column": 3
          }
        },
        "line": 25
      },
      "5": {
        "name": "(anonymous_5)",
        "decl": {
          "start": {
            "line": 29,
            "column": 25
          },
          "end": {
            "line": 29,
            "column": 26
          }
        },
        "loc": {
          "start": {
            "line": 29,
            "column": 40
          },
          "end": {
            "line": 31,
            "column": 3
          }
        },
        "line": 29
      },
      "6": {
        "name": "(anonymous_6)",
        "decl": {
          "start": {
            "line": 33,
            "column": 23
          },
          "end": {
            "line": 33,
            "column": 24
          }
        },
        "loc": {
          "start": {
            "line": 33,
            "column": 36
          },
          "end": {
            "line": 35,
            "column": 3
          }
        },
        "line": 33
      },
      "7": {
        "name": "(anonymous_7)",
        "decl": {
          "start": {
            "line": 37,
            "column": 26
          },
          "end": {
            "line": 37,
            "column": 27
          }
        },
        "loc": {
          "start": {
            "line": 37,
            "column": 32
          },
          "end": {
            "line": 39,
            "column": 3
          }
        },
        "line": 37
      },
      "8": {
        "name": "(anonymous_8)",
        "decl": {
          "start": {
            "line": 41,
            "column": 23
          },
          "end": {
            "line": 41,
            "column": 24
          }
        },
        "loc": {
          "start": {
            "line": 41,
            "column": 29
          },
          "end": {
            "line": 43,
            "column": 3
          }
        },
        "line": 41
      }
    },
    "branchMap": {},
    "s": {
      "0": 27,
      "1": 34,
      "2": 34,
      "3": 34,
      "4": 34,
      "5": 41,
      "6": 34,
      "7": 37,
      "8": 34,
      "9": 35,
      "10": 34,
      "11": 38,
      "12": 34,
      "13": 34,
      "14": 34,
      "15": 34,
      "16": 34,
      "17": 1,
      "18": 34,
      "19": 5,
      "20": 34
    },
    "f": {
      "0": 34,
      "1": 41,
      "2": 37,
      "3": 35,
      "4": 38,
      "5": 34,
      "6": 34,
      "7": 1,
      "8": 5
    },
    "b": {},
    "_coverageSchema": "1a1c01bbd47fc00a2c39e90264f33305004495a9",
    "hash": "6d9e4933dbde6f4afe584c0f8f51f7c8c2c75a13"
  },
  "/Users/jzhang/Downloads/ECS193/pesticide-noi-project/src/components/Footer.jsx": {
    "path": "/Users/jzhang/Downloads/ECS193/pesticide-noi-project/src/components/Footer.jsx",
    "statementMap": {
      "0": {
        "start": {
          "line": 5,
          "column": 15
        },
        "end": {
          "line": 30,
          "column": 1
        }
      },
      "1": {
        "start": {
          "line": 6,
          "column": 2
        },
        "end": {
          "line": 29,
          "column": 4
        }
      }
    },
    "fnMap": {
      "0": {
        "name": "(anonymous_0)",
        "decl": {
          "start": {
            "line": 5,
            "column": 15
          },
          "end": {
            "line": 5,
            "column": 16
          }
        },
        "loc": {
          "start": {
            "line": 5,
            "column": 21
          },
          "end": {
            "line": 30,
            "column": 1
          }
        },
        "line": 5
      }
    },
    "branchMap": {},
    "s": {
      "0": 27,
      "1": 74
    },
    "f": {
      "0": 74
    },
    "b": {},
    "_coverageSchema": "1a1c01bbd47fc00a2c39e90264f33305004495a9",
    "hash": "97f7d632082d3cc92cfe6f1754ba67ae2cae9b13"
  },
  "/Users/jzhang/Downloads/ECS193/pesticide-noi-project/src/components/Emergency.jsx": {
    "path": "/Users/jzhang/Downloads/ECS193/pesticide-noi-project/src/components/Emergency.jsx",
    "statementMap": {
      "0": {
        "start": {
          "line": 6,
          "column": 18
        },
        "end": {
          "line": 45,
          "column": 1
        }
      },
      "1": {
        "start": {
          "line": 7,
          "column": 16
        },
        "end": {
          "line": 7,
          "column": 32
        }
      },
      "2": {
        "start": {
          "line": 9,
          "column": 2
        },
        "end": {
          "line": 44,
          "column": 4
        }
      }
    },
    "fnMap": {
      "0": {
        "name": "(anonymous_0)",
        "decl": {
          "start": {
            "line": 6,
            "column": 18
          },
          "end": {
            "line": 6,
            "column": 19
          }
        },
        "loc": {
          "start": {
            "line": 6,
            "column": 24
          },
          "end": {
            "line": 45,
            "column": 1
          }
        },
        "line": 6
      }
    },
    "branchMap": {},
    "s": {
      "0": 27,
      "1": 35,
      "2": 35
    },
    "f": {
      "0": 35
    },
    "b": {},
    "_coverageSchema": "1a1c01bbd47fc00a2c39e90264f33305004495a9",
    "hash": "ad28d2658de9397b6cd5dfc6093de6f625216c16"
  },
  "/Users/jzhang/Downloads/ECS193/pesticide-noi-project/src/components/HomePanel.jsx": {
    "path": "/Users/jzhang/Downloads/ECS193/pesticide-noi-project/src/components/HomePanel.jsx",
    "statementMap": {
      "0": {
        "start": {
          "line": 14,
          "column": 37
        },
        "end": {
          "line": 14,
          "column": 42
        }
      },
      "1": {
        "start": {
          "line": 16,
          "column": 2
        },
        "end": {
          "line": 29,
          "column": 4
        }
      },
      "2": {
        "start": {
          "line": 33,
          "column": 18
        },
        "end": {
          "line": 79,
          "column": 1
        }
      },
      "3": {
        "start": {
          "line": 34,
          "column": 16
        },
        "end": {
          "line": 34,
          "column": 32
        }
      },
      "4": {
        "start": {
          "line": 35,
          "column": 16
        },
        "end": {
          "line": 35,
          "column": 26
        }
      },
      "5": {
        "start": {
          "line": 37,
          "column": 28
        },
        "end": {
          "line": 37,
          "column": 45
        }
      },
      "6": {
        "start": {
          "line": 39,
          "column": 20
        },
        "end": {
          "line": 39,
          "column": 34
        }
      },
      "7": {
        "start": {
          "line": 40,
          "column": 20
        },
        "end": {
          "line": 40,
          "column": 34
        }
      },
      "8": {
        "start": {
          "line": 43,
          "column": 23
        },
        "end": {
          "line": 46,
          "column": 3
        }
      },
      "9": {
        "start": {
          "line": 44,
          "column": 4
        },
        "end": {
          "line": 44,
          "column": 26
        }
      },
      "10": {
        "start": {
          "line": 45,
          "column": 4
        },
        "end": {
          "line": 45,
          "column": 23
        }
      },
      "11": {
        "start": {
          "line": 49,
          "column": 4
        },
        "end": {
          "line": 52,
          "column": 6
        }
      },
      "12": {
        "start": {
          "line": 56,
          "column": 2
        },
        "end": {
          "line": 78,
          "column": 4
        }
      }
    },
    "fnMap": {
      "0": {
        "name": "TabPanel",
        "decl": {
          "start": {
            "line": 13,
            "column": 9
          },
          "end": {
            "line": 13,
            "column": 17
          }
        },
        "loc": {
          "start": {
            "line": 13,
            "column": 25
          },
          "end": {
            "line": 30,
            "column": 1
          }
        },
        "line": 13
      },
      "1": {
        "name": "(anonymous_1)",
        "decl": {
          "start": {
            "line": 33,
            "column": 18
          },
          "end": {
            "line": 33,
            "column": 19
          }
        },
        "loc": {
          "start": {
            "line": 33,
            "column": 24
          },
          "end": {
            "line": 79,
            "column": 1
          }
        },
        "line": 33
      },
      "2": {
        "name": "(anonymous_2)",
        "decl": {
          "start": {
            "line": 43,
            "column": 23
          },
          "end": {
            "line": 43,
            "column": 24
          }
        },
        "loc": {
          "start": {
            "line": 43,
            "column": 40
          },
          "end": {
            "line": 46,
            "column": 3
          }
        },
        "line": 43
      },
      "3": {
        "name": "a11yProps",
        "decl": {
          "start": {
            "line": 48,
            "column": 11
          },
          "end": {
            "line": 48,
            "column": 20
          }
        },
        "loc": {
          "start": {
            "line": 48,
            "column": 28
          },
          "end": {
            "line": 53,
            "column": 3
          }
        },
        "line": 48
      }
    },
    "branchMap": {
      "0": {
        "loc": {
          "start": {
            "line": 23,
            "column": 7
          },
          "end": {
            "line": 27,
            "column": 7
          }
        },
        "type": "binary-expr",
        "locations": [
          {
            "start": {
              "line": 23,
              "column": 7
            },
            "end": {
              "line": 23,
              "column": 22
            }
          },
          {
            "start": {
              "line": 24,
              "column": 8
            },
            "end": {
              "line": 26,
              "column": 14
            }
          }
        ],
        "line": 23
      }
    },
    "s": {
      "0": 74,
      "1": 74,
      "2": 27,
      "3": 37,
      "4": 37,
      "5": 37,
      "6": 37,
      "7": 37,
      "8": 37,
      "9": 1,
      "10": 1,
      "11": 74,
      "12": 37
    },
    "f": {
      "0": 74,
      "1": 37,
      "2": 1,
      "3": 74
    },
    "b": {
      "0": [
        74,
        37
      ]
    },
    "_coverageSchema": "1a1c01bbd47fc00a2c39e90264f33305004495a9",
    "hash": "33f7a17ed6630884f4ed5ab9657b388ac77b0c47"
  },
  "/Users/jzhang/Downloads/ECS193/pesticide-noi-project/src/components/Home.jsx": {
    "path": "/Users/jzhang/Downloads/ECS193/pesticide-noi-project/src/components/Home.jsx",
    "statementMap": {
      "0": {
        "start": {
          "line": 14,
          "column": 12
        },
        "end": {
          "line": 14,
          "column": 22
        }
      },
      "1": {
        "start": {
          "line": 15,
          "column": 12
        },
        "end": {
          "line": 15,
          "column": 53
        }
      },
      "2": {
        "start": {
          "line": 17,
          "column": 16
        },
        "end": {
          "line": 17,
          "column": 50
        }
      },
      "3": {
        "start": {
          "line": 19,
          "column": 13
        },
        "end": {
          "line": 92,
          "column": 1
        }
      },
      "4": {
        "start": {
          "line": 20,
          "column": 16
        },
        "end": {
          "line": 20,
          "column": 32
        }
      },
      "5": {
        "start": {
          "line": 22,
          "column": 34
        },
        "end": {
          "line": 22,
          "column": 50
        }
      },
      "6": {
        "start": {
          "line": 23,
          "column": 46
        },
        "end": {
          "line": 23,
          "column": 71
        }
      },
      "7": {
        "start": {
          "line": 24,
          "column": 30
        },
        "end": {
          "line": 24,
          "column": 47
        }
      },
      "8": {
        "start": {
          "line": 26,
          "column": 23
        },
        "end": {
          "line": 32,
          "column": 3
        }
      },
      "9": {
        "start": {
          "line": 28,
          "column": 4
        },
        "end": {
          "line": 28,
          "column": 33
        }
      },
      "10": {
        "start": {
          "line": 31,
          "column": 4
        },
        "end": {
          "line": 31,
          "column": 26
        }
      },
      "11": {
        "start": {
          "line": 34,
          "column": 29
        },
        "end": {
          "line": 37,
          "column": 3
        }
      },
      "12": {
        "start": {
          "line": 36,
          "column": 4
        },
        "end": {
          "line": 36,
          "column": 29
        }
      },
      "13": {
        "start": {
          "line": 39,
          "column": 21
        },
        "end": {
          "line": 41,
          "column": 3
        }
      },
      "14": {
        "start": {
          "line": 40,
          "column": 4
        },
        "end": {
          "line": 40,
          "column": 22
        }
      },
      "15": {
        "start": {
          "line": 44,
          "column": 2
        },
        "end": {
          "line": 91,
          "column": 4
        }
      }
    },
    "fnMap": {
      "0": {
        "name": "(anonymous_0)",
        "decl": {
          "start": {
            "line": 19,
            "column": 13
          },
          "end": {
            "line": 19,
            "column": 14
          }
        },
        "loc": {
          "start": {
            "line": 19,
            "column": 24
          },
          "end": {
            "line": 92,
            "column": 1
          }
        },
        "line": 19
      },
      "1": {
        "name": "(anonymous_1)",
        "decl": {
          "start": {
            "line": 26,
[...]
      },
      "19": {
        "name": "(anonymous_19)",
        "decl": {
          "start": {
            "line": 266,
            "column": 18
          },
          "end": {
            "line": 266,
            "column": 19
          }
        },
        "loc": {
          "start": {
            "line": 266,
            "column": 25
          },
          "end": {
            "line": 266,
            "column": 41
          }
        },
        "line": 266
      },
      "20": {
        "name": "(anonymous_20)",
        "decl": {
          "start": {
            "line": 277,
            "column": 11
          },
          "end": {
            "line": 277,
            "column": 12
          }
        },
        "loc": {
          "start": {
            "line": 278,
            "column": 12
          },
          "end": {
            "line": 281,
            "column": 41
          }
        },
        "line": 278
      },
      "21": {
        "name": "(anonymous_21)",
        "decl": {
          "start": {
            "line": 278,
            "column": 59
          },
          "end": {
            "line": 278,
            "column": 60
          }
        },
        "loc": {
          "start": {
            "line": 279,
            "column": 14
          },
          "end": {
            "line": 280,
            "column": 46
          }
        },
        "line": 279
      }
    },
    "branchMap": {
      "0": {
        "loc": {
          "start": {
            "line": 15,
            "column": 63
          },
          "end": {
            "line": 15,
            "column": 199
          }
        },
        "type": "cond-expr",
        "locations": [
          {
            "start": {
              "line": 15,
              "column": 90
            },
            "end": {
              "line": 15,
              "column": 146
            }
          },
          {
            "start": {
              "line": 15,
              "column": 149
            },
            "end": {
              "line": 15,
              "column": 199
            }
          }
        ],
        "line": 15
      },
      "1": {
        "loc": {
          "start": {
            "line": 15,
            "column": 64
          },
          "end": {
            "line": 15,
            "column": 86
          }
        },
        "type": "binary-expr",
        "locations": [
          {
            "start": {
              "line": 15,
              "column": 64
            },
            "end": {
              "line": 15,
              "column": 73
            }
          },
          {
            "start": {
              "line": 15,
              "column": 77
            },
            "end": {
              "line": 15,
              "column": 86
            }
          }
        ],
        "line": 15
      },
      "2": {
        "loc": {
          "start": {
            "line": 27,
            "column": 19
          },
          "end": {
            "line": 27,
            "column": 110
          }
        },
        "type": "cond-expr",
        "locations": [
          {
            "start": {
              "line": 27,
              "column": 46
            },
            "end": {
              "line": 27,
              "column": 49
            }
          },
          {
            "start": {
              "line": 27,
              "column": 51
            },
            "end": {
              "line": 27,
              "column": 110
            }
          }
        ],
        "line": 27
      },
      "3": {
        "loc": {
          "start": {
            "line": 27,
            "column": 20
          },
          "end": {
            "line": 27,
            "column": 42
          }
        },
        "type": "binary-expr",
        "locations": [
          {
            "start": {
              "line": 27,
              "column": 20
            },
            "end": {
              "line": 27,
              "column": 29
            }
          },
          {
            "start": {
              "line": 27,
              "column": 33
            },
            "end": {
              "line": 27,
              "column": 42
            }
          }
        ],
        "line": 27
      },
      "4": {
        "loc": {
          "start": {
            "line": 27,
            "column": 51
          },
          "end": {
            "line": 27,
            "column": 110
          }
        },
        "type": "cond-expr",
        "locations": [
          {
            "start": {
              "line": 27,
              "column": 66
            },
            "end": {
              "line": 27,
              "column": 100
            }
          },
          {
            "start": {
              "line": 27,
              "column": 103
            },
            "end": {
              "line": 27,
              "column": 110
            }
          }
        ],
        "line": 27
      },
      "5": {
        "loc": {
          "start": {
            "line": 33,
            "column": 18
          },
          "end": {
            "line": 33,
            "column": 96
          }
        },
        "type": "cond-expr",
        "locations": [
          {
            "start": {
              "line": 33,
              "column": 43
            },
            "end": {
              "line": 33,
              "column": 68
            }
          },
          {
            "start": {
              "line": 33,
              "column": 71
            },
            "end": {
              "line": 33,
              "column": 96
            }
          }
        ],
        "line": 33
      },
      "6": {
        "loc": {
          "start": {
            "line": 107,
            "column": 4
          },
          "end": {
            "line": 110,
            "column": 5
          }
        },
        "type": "if",
        "locations": [
          {
            "start": {
              "line": 107,
              "column": 4
            },
            "end": {
              "line": 110,
              "column": 5
            }
          },
          {
            "start": {
              "line": 107,
              "column": 4
            },
            "end": {
              "line": 110,
              "column": 5
            }
          }
        ],
        "line": 107
      },
      "7": {
        "loc": {
          "start": {
            "line": 107,
            "column": 8
          },
          "end": {
            "line": 107,
            "column": 20
          }
        },
        "type": "binary-expr",
        "locations": [
          {
            "start": {
              "line": 107,
              "column": 8
            },
            "end": {
              "line": 107,
              "column": 12
            }
          },
          {
            "start": {
              "line": 107,
              "column": 16
            },
            "end": {
              "line": 107,
              "column": 20
            }
          }
        ],
        "line": 107
      },
      "8": {
        "loc": {
          "start": {
            "line": 126,
            "column": 4
          },
          "end": {
            "line": 136,
            "column": 5
          }
        },
        "type": "if",
        "locations": [
          {
            "start": {
              "line": 126,
              "column": 4
            },
            "end": {
              "line": 136,
              "column": 5
            }
          },
          {
            "start": {
              "line": 126,
              "column": 4
            },
            "end": {
              "line": 136,
              "column": 5
            }
          }
        ],
        "line": 126
      },
      "9": {
        "loc": {
          "start": {
            "line": 126,
            "column": 10
          },
          "end": {
            "line": 126,
            "column": 32
          }
        },
        "type": "binary-expr",
        "locations": [
          {
            "start": {
              "line": 126,
              "column": 10
            },
            "end": {
              "line": 126,
              "column": 19
            }
          },
          {
            "start": {
              "line": 126,
              "column": 23
            },
            "end": {
              "line": 126,
              "column": 32
            }
          }
        ],
        "line": 126
      },
      "10": {
        "loc": {
          "start": {
            "line": 172,
            "column": 17
          },
          "end": {
            "line": 172,
            "column": 70
          }
        },
        "type": "cond-expr",
        "locations": [
          {
            "start": {
              "line": 172,
              "column": 27
            },
            "end": {
              "line": 172,
              "column": 34
            }
          },
          {
            "start": {
              "line": 172,
              "column": 37
            },
            "end": {
              "line": 172,
              "column": 70
            }
          }
        ],
        "line": 172
      },
      "11": {
        "loc": {
          "start": {
            "line": 265,
            "column": 16
          },
          "end": {
            "line": 265,
            "column": 144
          }
        },
        "type": "cond-expr",
        "locations": [
          {
            "start": {
              "line": 265,
              "column": 43
            },
            "end": {
              "line": 265,
              "column": 45
            }
          },
          {
            "start": {
              "line": 265,
              "column": 48
            },
            "end": {
              "line": 265,
              "column": 144
            }
          }
        ],
        "line": 265
      },
      "12": {
        "loc": {
          "start": {
            "line": 265,
            "column": 17
          },
          "end": {
            "line": 265,
            "column": 39
          }
        },
        "type": "binary-expr",
        "locations": [
          {
            "start": {
              "line": 265,
              "column": 17
            },
            "end": {
              "line": 265,
              "column": 26
            }
          },
          {
            "start": {
              "line": 265,
              "column": 30
            },
            "end": {
              "line": 265,
              "column": 39
            }
          }
        ],
        "line": 265
      },
      "13": {
        "loc": {
          "start": {
            "line": 265,
            "column": 48
          },
          "end": {
            "line": 265,
            "column": 144
          }
        },
        "type": "cond-expr",
        "locations": [
          {
            "start": {
              "line": 265,
              "column": 95
            },
            "end": {
              "line": 265,
              "column": 139
            }
          },
          {
            "start": {
              "line": 265,
              "column": 142
            },
            "end": {
              "line": 265,
              "column": 144
            }
          }
        ],
        "line": 265
      },
      "14": {
        "loc": {
          "start": {
            "line": 278,
            "column": 12
          },
          "end": {
            "line": 281,
            "column": 41
          }
        },
        "type": "cond-expr",
        "locations": [
          {
            "start": {
              "line": 278,
              "column": 41
            },
            "end": {
              "line": 281,
              "column": 14
            }
          },
          {
            "start": {
              "line": 281,
              "column": 17
            },
            "end": {
              "line": 281,
              "column": 41
            }
          }
        ],
        "line": 278
      }
    },
    "s": {
      "0": 88,
      "1": 13,
      "2": 88,
      "3": 88,
      "4": 88,
      "5": 88,
      "6": 88,
      "7": 88,
      "8": 88,
      "9": 88,
      "10": 88,
      "11": 88,
      "12": 88,
      "13": 88,
      "14": 88,
      "15": 88,
      "16": 88,
      "17": 88,
      "18": 88,
      "19": 29290,
      "20": 29290,
      "21": 29290,
      "22": 29290,
      "23": 29290,
      "24": 35126,
      "25": 29290,
      "26": 88,
      "27": 88,
      "28": 4,
      "29": 88,
      "30": 1,
      "31": 88,
      "32": 4,
      "33": 88,
      "34": 56,
      "35": 0,
      "36": 0,
      "37": 56,
      "38": 12,
      "39": 0,
      "40": 88,
      "41": 13,
      "42": 13,
      "43": 6,
      "44": 6,
      "45": 6,
      "46": 6,
      "47": 13,
      "48": 13,
      "49": 88,
      "50": 43,
      "51": 43,
      "52": 43,
      "53": 43,
      "54": 88,
      "55": 1,
      "56": 1,
      "57": 1,
      "58": 1,
      "59": 1,
      "60": 1,
      "61": 0,
      "62": 88,
      "63": 13,
      "64": 13,
      "65": 88,
      "66": 13,
      "67": 88,
      "68": 0,
      "69": 88,
      "70": 4,
      "71": 4,
      "72": 13,
      "73": 75,
      "74": 13517
    },
    "f": {
      "0": 88,
      "1": 13,
      "2": 29290,
      "3": 4,
      "4": 1,
      "5": 4,
      "6": 56,
      "7": 12,
      "8": 0,
      "9": 13,
      "10": 6,
      "11": 43,
      "12": 1,
      "13": 1,
      "14": 0,
      "15": 13,
      "16": 13,
      "17": 0,
      "18": 4,
      "19": 13,
      "20": 75,
      "21": 13517
    },
    "b": {
      "0": [
        0,
        13
      ],
      "1": [
        13,
        0
      ],
      "2": [
        0,
        88
      ],
      "3": [
        88,
        0
      ],
      "4": [
        88,
        0
      ],
      "5": [
        84,
        4
      ],
      "6": [
        0,
        56
      ],
      "7": [
        56,
        0
      ],
      "8": [
        13,
        0
      ],
      "9": [
        13,
        0
      ],
      "10": [
        0,
        1
      ],
      "11": [
        0,
        88
      ],
      "12": [
        88,
        0
      ],
      "13": [
        88,
        0
      ],
      "14": [
        11,
        64
      ]
    },
    "_coverageSchema": "1a1c01bbd47fc00a2c39e90264f33305004495a9",
    "hash": "d35dd0f4a22bb97ba33197bb939e990bdbc1fea0"
  },
  "/Users/jzhang/Downloads/ECS193/pesticide-noi-project/src/components/index.js": {
    "path": "/Users/jzhang/Downloads/ECS193/pesticide-noi-project/src/components/index.js",
    "statementMap": {},
    "fnMap": {},
    "branchMap": {},
    "s": {},
    "f": {},
    "b": {},
    "_coverageSchema": "1a1c01bbd47fc00a2c39e90264f33305004495a9",
    "hash": "856c3012e626839bb1eb4253969dd76063ad6546"
  },
  "/Users/jzhang/Downloads/ECS193/pesticide-noi-project/src/styles/theme/index.js": {
    "path": "/Users/jzhang/Downloads/ECS193/pesticide-noi-project/src/styles/theme/index.js",
    "statementMap": {
      "0": {
        "start": {
          "line": 3,
          "column": 22
        },
        "end": {
          "line": 7,
          "column": 1
        }
      },
      "1": {
        "start": {
          "line": 9,
          "column": 14
        },
        "end": {
          "line": 21,
          "column": 2
        }
      }
    },
    "fnMap": {},
    "branchMap": {},
    "s": {
      "0": 27,
      "1": 27
    },
    "f": {},
    "b": {},
    "_coverageSchema": "1a1c01bbd47fc00a2c39e90264f33305004495a9",
    "hash": "4334a9e9e01a7ba0cedd9137c29defe68c2e05f3"
  },
  "/Users/jzhang/Downloads/ECS193/pesticide-noi-project/src/App.jsx": {
    "path": "/Users/jzhang/Downloads/ECS193/pesticide-noi-project/src/App.jsx",
    "statementMap": {
      "0": {
        "start": {
          "line": 13,
          "column": 12
        },
        "end": {
          "line": 49,
          "column": 1
        }
      },
      "1": {
        "start": {
          "line": 14,
          "column": 34
        },
        "end": {
          "line": 14,
          "column": 50
        }
      },
      "2": {
        "start": {
          "line": 16,
          "column": 23
        },
        "end": {
          "line": 18,
          "column": 3
        }
      },
      "3": {
        "start": {
          "line": 17,
          "column": 4
        },
        "end": {
          "line": 17,
          "column": 26
        }
      },
      "4": {
        "start": {
          "line": 20,
          "column": 42
        },
        "end": {
          "line": 20,
          "column": 59
        }
      },
      "5": {
        "start": {
          "line": 22,
          "column": 2
        },
        "end": {
          "line": 48,
          "column": 4
        }
      },
      "6": {
        "start": {
          "line": 37,
          "column": 14
        },
        "end": {
          "line": 37,
          "column": 69
        }
      }
    },
    "fnMap": {
      "0": {
        "name": "(anonymous_0)",
        "decl": {
          "start": {
            "line": 13,
            "column": 12
          },
          "end": {
            "line": 13,
            "column": 13
          }
        },
        "loc": {
          "start": {
            "line": 13,
            "column": 18
          },
          "end": {
            "line": 49,
            "column": 1
          }
        },
        "line": 13
      },
      "1": {
        "name": "(anonymous_1)",
        "decl": {
          "start": {
            "line": 16,
            "column": 23
          },
          "end": {
            "line": 16,
            "column": 24
          }
        },
        "loc": {
          "start": {
            "line": 16,
            "column": 37
          },
          "end": {
            "line": 18,
            "column": 3
          }
        },
        "line": 16
      },
      "2": {
        "name": "(anonymous_2)",
        "decl": {
          "start": {
            "line": 36,
            "column": 23
          },
          "end": {
            "line": 36,
            "column": 24
          }
        },
        "loc": {
          "start": {
            "line": 36,
            "column": 29
          },
          "end": {
            "line": 38,
            "column": 13
          }
        },
        "line": 36
      }
    },
    "branchMap": {},
    "s": {
      "0": 27,
      "1": 83,
      "2": 67,
      "3": 43,
      "4": 67,
      "5": 67,
      "6": 1
    },
    "f": {
      "0": 83,
      "1": 43,
      "2": 1
    },
    "b": {},
    "_coverageSchema": "1a1c01bbd47fc00a2c39e90264f33305004495a9",
    "hash": "8fd5bb4b726a062155f4dd7546d5dda7880543eb"
  },
  "/Users/jzhang/Downloads/ECS193/pesticide-noi-project/src/i18n.js": {
    "path": "/Users/jzhang/Downloads/ECS193/pesticide-noi-project/src/i18n.js",
    "statementMap": {
      "0": {
        "start": {
          "line": 5,
          "column": 0
        },
        "end": {
          "line": 16,
          "column": 5
        }
      }
    },
    "fnMap": {},
    "branchMap": {},
    "s": {
      "0": 27
    },
    "f": {},
    "b": {},
    "_coverageSchema": "1a1c01bbd47fc00a2c39e90264f33305004495a9",
    "hash": "f44816861a7a518ecb56fe35d978702908fddfca"
  },
  "/Users/jzhang/Downloads/ECS193/pesticide-noi-project/src/index.js": {
    "path": "/Users/jzhang/Downloads/ECS193/pesticide-noi-project/src/index.js",
    "statementMap": {
      "0": {
        "start": {
          "line": 7,
          "column": 13
        },
        "end": {
          "line": 7,
          "column": 65
        }
      },
      "1": {
        "start": {
          "line": 8,
          "column": 0
        },
        "end": {
          "line": 14,
          "column": 2
        }
      }
    },
    "fnMap": {},
    "branchMap": {},
    "s": {
      "0": 27,
      "1": 27
    },
    "f": {},
    "b": {},
    "_coverageSchema": "1a1c01bbd47fc00a2c39e90264f33305004495a9",
    "hash": "56671a89f19f40fa3f19e02507fa375a9596daa9"
  }
}